Seq	Host	Starttime	JobRuntime	Send	Receive	Exitval	Signal	Command
1	:	1743673694.865	     0.006	0	648	0	0	./albatross/albatross data/53188-5-100-0.9-13-False.cnf
2	:	1743673694.867	     0.006	0	648	0	0	./albatross/albatross data/53188-5-100-0.9-14-False.cnf
3	:	1743673694.869	     0.006	0	648	0	0	./albatross/albatross data/53188-5-100-0.9-15-False.cnf
4	:	1743673694.872	     0.006	0	648	0	0	./albatross/albatross data/53188-5-100-0.9-16-False.cnf
5	:	1743673694.876	     0.005	0	648	0	0	./albatross/albatross data/53188-5-100-0.9-17-False.cnf
6	:	1743673694.879	     0.008	0	10317	0	0	./albatross/albatross data/53188-5-100-0.8-13-False.cnf
7	:	1743673694.881	     0.023	0	81680	0	0	./albatross/albatross data/53188-5-100-0.8-14-False.cnf
10	:	1743673694.889	     0.016	0	3814	0	0	./albatross/albatross data/53188-5-100-0.8-17-False.cnf
15	:	1743673694.901	     0.009	0	4001	0	0	./albatross/albatross data/53188-5-100-0.7-17-False.cnf
14	:	1743673694.898	     0.019	0	3966	0	0	./albatross/albatross data/53188-5-100-0.7-16-False.cnf
11	:	1743673694.891	     0.026	0	688	0	0	./albatross/albatross data/53188-5-100-0.7-13-False.cnf
16	:	1743673694.904	     0.026	0	713	0	0	./albatross/albatross data/53188-5-100-0.6-13-False.cnf
26	:	1743673694.930	     0.004	0	656	0	0	./albatross/albatross data/22710-5-100-0.9-13-False.cnf
19	:	1743673694.911	     0.026	0	4408	0	0	./albatross/albatross data/53188-5-100-0.6-16-False.cnf
27	:	1743673694.932	     0.006	0	656	0	0	./albatross/albatross data/22710-5-100-0.9-14-False.cnf
28	:	1743673694.935	     0.006	0	656	0	0	./albatross/albatross data/22710-5-100-0.9-15-False.cnf
25	:	1743673694.927	     0.023	0	4656	0	0	./albatross/albatross data/53188-5-100-0.5-17-False.cnf
31	:	1743673694.944	     0.006	0	673	0	0	./albatross/albatross data/22710-5-100-0.8-13-False.cnf
29	:	1743673694.938	     0.028	0	655	0	0	./albatross/albatross data/22710-5-100-0.9-16-False.cnf
30	:	1743673694.942	     0.032	0	16968	0	0	./albatross/albatross data/22710-5-100-0.9-17-False.cnf
9	:	1743673694.886	     0.088	0	158303	0	0	./albatross/albatross data/53188-5-100-0.8-16-False.cnf
35	:	1743673694.956	     0.019	0	3830	0	0	./albatross/albatross data/22710-5-100-0.8-17-False.cnf
41	:	1743673694.972	     0.007	0	703	0	0	./albatross/albatross data/22710-5-100-0.6-13-False.cnf
36	:	1743673694.958	     0.029	0	688	0	0	./albatross/albatross data/22710-5-100-0.7-13-False.cnf
37	:	1743673694.961	     0.029	0	687	0	0	./albatross/albatross data/22710-5-100-0.7-14-False.cnf
32	:	1743673694.947	     0.052	0	68924	0	0	./albatross/albatross data/22710-5-100-0.8-14-False.cnf
42	:	1743673694.974	     0.029	0	702	0	0	./albatross/albatross data/22710-5-100-0.6-14-False.cnf
51	:	1743673695.000	     0.006	0	655	0	0	./albatross/albatross data/42462-5-100-0.9-13-False.cnf
52	:	1743673695.003	     0.006	0	655	0	0	./albatross/albatross data/42462-5-100-0.9-14-False.cnf
45	:	1743673694.984	     0.026	0	4264	0	0	./albatross/albatross data/22710-5-100-0.6-17-False.cnf
8	:	1743673694.884	     0.128	0	187197	0	0	./albatross/albatross data/53188-5-100-0.8-15-False.cnf
46	:	1743673694.986	     0.027	0	758	0	0	./albatross/albatross data/22710-5-100-0.5-13-False.cnf
53	:	1743673695.006	     0.007	0	655	0	0	./albatross/albatross data/42462-5-100-0.9-15-False.cnf
54	:	1743673695.009	     0.006	0	655	0	0	./albatross/albatross data/42462-5-100-0.9-16-False.cnf
55	:	1743673695.013	     0.027	0	654	0	0	./albatross/albatross data/42462-5-100-0.9-17-False.cnf
56	:	1743673695.017	     0.029	0	683	0	0	./albatross/albatross data/42462-5-100-0.8-13-False.cnf
61	:	1743673695.030	     0.026	0	693	0	0	./albatross/albatross data/42462-5-100-0.7-13-False.cnf
62	:	1743673695.033	     0.029	0	692	0	0	./albatross/albatross data/42462-5-100-0.7-14-False.cnf
70	:	1743673695.054	     0.009	0	4783	0	0	./albatross/albatross data/42462-5-100-0.6-17-False.cnf
33	:	1743673694.950	     0.118	0	251295	0	0	./albatross/albatross data/22710-5-100-0.8-15-False.cnf
76	:	1743673695.071	     0.005	0	650	0	0	./albatross/albatross data/18735-5-100-0.9-13-False.cnf
77	:	1743673695.074	     0.006	0	650	0	0	./albatross/albatross data/18735-5-100-0.9-14-False.cnf
74	:	1743673695.065	     0.017	0	4940	0	0	./albatross/albatross data/42462-5-100-0.5-16-False.cnf
78	:	1743673695.077	     0.007	0	650	0	0	./albatross/albatross data/18735-5-100-0.9-15-False.cnf
43	:	1743673694.978	     0.108	0	116974	0	0	./albatross/albatross data/22710-5-100-0.6-15-False.cnf
71	:	1743673695.057	     0.031	0	743	0	0	./albatross/albatross data/42462-5-100-0.5-13-False.cnf
79	:	1743673695.080	     0.009	0	650	0	0	./albatross/albatross data/18735-5-100-0.9-16-False.cnf
57	:	1743673695.020	     0.072	0	104499	0	0	./albatross/albatross data/42462-5-100-0.8-14-False.cnf
81	:	1743673695.087	     0.005	0	671	0	0	./albatross/albatross data/18735-5-100-0.8-13-False.cnf
82	:	1743673695.091	     0.006	0	671	0	0	./albatross/albatross data/18735-5-100-0.8-14-False.cnf
83	:	1743673695.095	     0.006	0	671	0	0	./albatross/albatross data/18735-5-100-0.8-15-False.cnf
86	:	1743673695.104	     0.004	0	683	0	0	./albatross/albatross data/18735-5-100-0.7-13-False.cnf
58	:	1743673695.023	     0.088	0	18450	0	0	./albatross/albatross data/42462-5-100-0.8-15-False.cnf
80	:	1743673695.083	     0.029	0	6868	0	0	./albatross/albatross data/18735-5-100-0.9-17-False.cnf
12	:	1743673694.893	     0.225	0	721458	0	0	./albatross/albatross data/53188-5-100-0.7-14-False.cnf
87	:	1743673695.106	     0.029	0	682	0	0	./albatross/albatross data/18735-5-100-0.7-14-False.cnf
17	:	1743673694.906	     0.243	0	700506	0	0	./albatross/albatross data/53188-5-100-0.6-14-False.cnf
91	:	1743673695.118	     0.032	0	708	0	0	./albatross/albatross data/18735-5-100-0.6-13-False.cnf
85	:	1743673695.101	     0.052	0	62587	0	0	./albatross/albatross data/18735-5-100-0.8-17-False.cnf
101	:	1743673695.146	     0.008	0	655	0	0	./albatross/albatross data/50408-5-100-0.9-13-False.cnf
102	:	1743673695.149	     0.005	0	655	0	0	./albatross/albatross data/50408-5-100-0.9-14-False.cnf
103	:	1743673695.152	     0.008	0	655	0	0	./albatross/albatross data/50408-5-100-0.9-15-False.cnf
96	:	1743673695.132	     0.029	0	753	0	0	./albatross/albatross data/18735-5-100-0.5-13-False.cnf
104	:	1743673695.157	     0.006	0	655	0	0	./albatross/albatross data/50408-5-100-0.9-16-False.cnf
106	:	1743673695.162	     0.006	0	662	0	0	./albatross/albatross data/50408-5-100-0.8-13-False.cnf
107	:	1743673695.166	     0.006	0	662	0	0	./albatross/albatross data/50408-5-100-0.8-14-False.cnf
111	:	1743673695.177	     0.009	0	681	0	0	./albatross/albatross data/50408-5-100-0.7-13-False.cnf
112	:	1743673695.180	     0.006	0	681	0	0	./albatross/albatross data/50408-5-100-0.7-14-False.cnf
105	:	1743673695.159	     0.028	0	654	0	0	./albatross/albatross data/50408-5-100-0.9-17-False.cnf
88	:	1743673695.108	     0.080	0	181498	0	0	./albatross/albatross data/18735-5-100-0.7-15-False.cnf
113	:	1743673695.183	     0.006	0	681	0	0	./albatross/albatross data/50408-5-100-0.7-15-False.cnf
115	:	1743673695.189	     0.007	0	4258	0	0	./albatross/albatross data/50408-5-100-0.7-17-False.cnf
108	:	1743673695.168	     0.033	0	15835	0	0	./albatross/albatross data/50408-5-100-0.8-15-False.cnf
89	:	1743673695.112	     0.092	0	76729	0	0	./albatross/albatross data/18735-5-100-0.7-16-False.cnf
114	:	1743673695.185	     0.041	0	55141	0	0	./albatross/albatross data/50408-5-100-0.7-16-False.cnf
116	:	1743673695.193	     0.032	0	698	0	0	./albatross/albatross data/50408-5-100-0.6-13-False.cnf
124	:	1743673695.217	     0.009	0	4771	0	0	./albatross/albatross data/50408-5-100-0.5-16-False.cnf
126	:	1743673695.222	     0.008	0	649	0	0	./albatross/albatross data/43018-5-100-0.9-13-False.cnf
127	:	1743673695.225	     0.008	0	649	0	0	./albatross/albatross data/43018-5-100-0.9-14-False.cnf
128	:	1743673695.230	     0.006	0	649	0	0	./albatross/albatross data/43018-5-100-0.9-15-False.cnf
109	:	1743673695.172	     0.067	0	166464	0	0	./albatross/albatross data/50408-5-100-0.8-16-False.cnf
129	:	1743673695.233	     0.006	0	649	0	0	./albatross/albatross data/43018-5-100-0.9-16-False.cnf
38	:	1743673694.963	     0.279	0	898196	0	0	./albatross/albatross data/22710-5-100-0.7-15-False.cnf
110	:	1743673695.175	     0.069	0	154619	0	0	./albatross/albatross data/50408-5-100-0.8-17-False.cnf
130	:	1743673695.236	     0.008	0	649	0	0	./albatross/albatross data/43018-5-100-0.9-17-False.cnf
131	:	1743673695.239	     0.005	0	667	0	0	./albatross/albatross data/43018-5-100-0.8-13-False.cnf
132	:	1743673695.243	     0.007	0	667	0	0	./albatross/albatross data/43018-5-100-0.8-14-False.cnf
139	:	1743673695.264	     0.019	0	4009	0	0	./albatross/albatross data/43018-5-100-0.7-16-False.cnf
140	:	1743673695.267	     0.018	0	4046	0	0	./albatross/albatross data/43018-5-100-0.7-17-False.cnf
34	:	1743673694.953	     0.335	0	1006193	0	0	./albatross/albatross data/22710-5-100-0.8-16-False.cnf
133	:	1743673695.248	     0.042	0	60023	0	0	./albatross/albatross data/43018-5-100-0.8-15-False.cnf
141	:	1743673695.270	     0.026	0	698	0	0	./albatross/albatross data/43018-5-100-0.6-13-False.cnf
145	:	1743673695.281	     0.017	0	4162	0	0	./albatross/albatross data/43018-5-100-0.6-17-False.cnf
151	:	1743673695.301	     0.005	0	662	0	0	./albatross/albatross data/65828-5-100-0.9-13-False.cnf
146	:	1743673695.284	     0.027	0	713	0	0	./albatross/albatross data/43018-5-100-0.5-13-False.cnf
150	:	1743673695.297	     0.015	0	4369	0	0	./albatross/albatross data/43018-5-100-0.5-17-False.cnf
152	:	1743673695.304	     0.008	0	662	0	0	./albatross/albatross data/65828-5-100-0.9-14-False.cnf
156	:	1743673695.318	     0.005	0	666	0	0	./albatross/albatross data/65828-5-100-0.8-13-False.cnf
155	:	1743673695.315	     0.013	0	3704	0	0	./albatross/albatross data/65828-5-100-0.9-17-False.cnf
157	:	1743673695.321	     0.006	0	666	0	0	./albatross/albatross data/65828-5-100-0.8-14-False.cnf
158	:	1743673695.324	     0.008	0	666	0	0	./albatross/albatross data/65828-5-100-0.8-15-False.cnf
153	:	1743673695.307	     0.028	0	661	0	0	./albatross/albatross data/65828-5-100-0.9-15-False.cnf
154	:	1743673695.311	     0.033	0	19661	0	0	./albatross/albatross data/65828-5-100-0.9-16-False.cnf
84	:	1743673695.097	     0.257	0	11551	0	0	./albatross/albatross data/18735-5-100-0.8-16-False.cnf
135	:	1743673695.254	     0.101	0	270972	0	0	./albatross/albatross data/43018-5-100-0.8-17-False.cnf
160	:	1743673695.331	     0.024	0	3769	0	0	./albatross/albatross data/65828-5-100-0.8-17-False.cnf
136	:	1743673695.256	     0.111	0	98971	0	0	./albatross/albatross data/43018-5-100-0.7-13-False.cnf
162	:	1743673695.338	     0.029	0	682	0	0	./albatross/albatross data/65828-5-100-0.7-14-False.cnf
159	:	1743673695.327	     0.045	0	66452	0	0	./albatross/albatross data/65828-5-100-0.8-16-False.cnf
165	:	1743673695.348	     0.032	0	3948	0	0	./albatross/albatross data/65828-5-100-0.7-17-False.cnf
170	:	1743673695.367	     0.014	0	4264	0	0	./albatross/albatross data/65828-5-100-0.6-17-False.cnf
167	:	1743673695.354	     0.028	0	702	0	0	./albatross/albatross data/65828-5-100-0.6-14-False.cnf
137	:	1743673695.259	     0.123	0	405377	0	0	./albatross/albatross data/43018-5-100-0.7-14-False.cnf
166	:	1743673695.351	     0.036	0	702	0	0	./albatross/albatross data/65828-5-100-0.6-13-False.cnf
168	:	1743673695.360	     0.031	0	701	0	0	./albatross/albatross data/65828-5-100-0.6-15-False.cnf
163	:	1743673695.341	     0.053	0	112931	0	0	./albatross/albatross data/65828-5-100-0.7-15-False.cnf
171	:	1743673695.372	     0.029	0	738	0	0	./albatross/albatross data/65828-5-100-0.5-13-False.cnf
176	:	1743673695.395	     0.006	0	656	0	0	./albatross/albatross data/78144-5-100-0.9-13-False.cnf
177	:	1743673695.398	     0.007	0	656	0	0	./albatross/albatross data/78144-5-100-0.9-14-False.cnf
178	:	1743673695.401	     0.007	0	656	0	0	./albatross/albatross data/78144-5-100-0.9-15-False.cnf
161	:	1743673695.335	     0.083	0	4595	0	0	./albatross/albatross data/65828-5-100-0.7-13-False.cnf
181	:	1743673695.413	     0.006	0	663	0	0	./albatross/albatross data/78144-5-100-0.8-13-False.cnf
180	:	1743673695.409	     0.029	0	654	0	0	./albatross/albatross data/78144-5-100-0.9-17-False.cnf
186	:	1743673695.429	     0.009	0	678	0	0	./albatross/albatross data/78144-5-100-0.7-13-False.cnf
182	:	1743673695.416	     0.028	0	662	0	0	./albatross/albatross data/78144-5-100-0.8-14-False.cnf
183	:	1743673695.419	     0.032	0	20884	0	0	./albatross/albatross data/78144-5-100-0.8-15-False.cnf
185	:	1743673695.426	     0.026	0	3706	0	0	./albatross/albatross data/78144-5-100-0.8-17-False.cnf
187	:	1743673695.434	     0.030	0	677	0	0	./albatross/albatross data/78144-5-100-0.7-14-False.cnf
179	:	1743673695.406	     0.072	0	655	0	0	./albatross/albatross data/78144-5-100-0.9-16-False.cnf
184	:	1743673695.423	     0.059	0	47462	0	0	./albatross/albatross data/78144-5-100-0.8-16-False.cnf
118	:	1743673695.199	     0.293	0	634387	0	0	./albatross/albatross data/50408-5-100-0.6-15-False.cnf
194	:	1743673695.465	     0.040	0	4427	0	0	./albatross/albatross data/78144-5-100-0.6-16-False.cnf
196	:	1743673695.473	     0.032	0	733	0	0	./albatross/albatross data/78144-5-100-0.5-13-False.cnf
201	:	1743673695.497	     0.009	0	661	0	0	./albatross/albatross data/71681-5-100-0.9-13-False.cnf
202	:	1743673695.501	     0.009	0	661	0	0	./albatross/albatross data/71681-5-100-0.9-14-False.cnf
203	:	1743673695.504	     0.008	0	661	0	0	./albatross/albatross data/71681-5-100-0.9-15-False.cnf
195	:	1743673695.470	     0.046	0	4470	0	0	./albatross/albatross data/78144-5-100-0.6-17-False.cnf
197	:	1743673695.478	     0.042	0	732	0	0	./albatross/albatross data/78144-5-100-0.5-14-False.cnf
134	:	1743673695.251	     0.275	0	1071790	0	0	./albatross/albatross data/43018-5-100-0.8-16-False.cnf
206	:	1743673695.520	     0.009	0	676	0	0	./albatross/albatross data/71681-5-100-0.8-13-False.cnf
207	:	1743673695.525	     0.009	0	676	0	0	./albatross/albatross data/71681-5-100-0.8-14-False.cnf
205	:	1743673695.516	     0.023	0	3720	0	0	./albatross/albatross data/71681-5-100-0.9-17-False.cnf
208	:	1743673695.530	     0.010	0	676	0	0	./albatross/albatross data/71681-5-100-0.8-15-False.cnf
188	:	1743673695.438	     0.115	0	254483	0	0	./albatross/albatross data/78144-5-100-0.7-15-False.cnf
204	:	1743673695.511	     0.042	0	55107	0	0	./albatross/albatross data/71681-5-100-0.9-16-False.cnf
147	:	1743673695.288	     0.266	0	705794	0	0	./albatross/albatross data/43018-5-100-0.5-14-False.cnf
214	:	1743673695.559	     0.007	0	4066	0	0	./albatross/albatross data/71681-5-100-0.7-16-False.cnf
209	:	1743673695.535	     0.036	0	13824	0	0	./albatross/albatross data/71681-5-100-0.8-16-False.cnf
215	:	1743673695.562	     0.017	0	4101	0	0	./albatross/albatross data/71681-5-100-0.7-17-False.cnf
213	:	1743673695.553	     0.032	0	4022	0	0	./albatross/albatross data/71681-5-100-0.7-15-False.cnf
220	:	1743673695.584	     0.012	0	4572	0	0	./albatross/albatross data/71681-5-100-0.6-17-False.cnf
226	:	1743673695.610	     0.013	0	656	0	0	./albatross/albatross data/81023-5-100-0.9-13-False.cnf
227	:	1743673695.614	     0.009	0	656	0	0	./albatross/albatross data/81023-5-100-0.9-14-False.cnf
228	:	1743673695.618	     0.014	0	656	0	0	./albatross/albatross data/81023-5-100-0.9-15-False.cnf
231	:	1743673695.632	     0.009	0	662	0	0	./albatross/albatross data/81023-5-100-0.8-13-False.cnf
210	:	1743673695.539	     0.103	0	137390	0	0	./albatross/albatross data/71681-5-100-0.8-17-False.cnf
224	:	1743673695.601	     0.046	0	5201	0	0	./albatross/albatross data/71681-5-100-0.5-16-False.cnf
221	:	1743673695.589	     0.059	0	748	0	0	./albatross/albatross data/71681-5-100-0.5-13-False.cnf
225	:	1743673695.606	     0.042	0	5253	0	0	./albatross/albatross data/71681-5-100-0.5-17-False.cnf
232	:	1743673695.637	     0.011	0	662	0	0	./albatross/albatross data/81023-5-100-0.8-14-False.cnf
66	:	1743673695.044	     0.610	0	2162169	0	0	./albatross/albatross data/42462-5-100-0.6-13-False.cnf
90	:	1743673695.116	     0.549	0	1312442	0	0	./albatross/albatross data/18735-5-100-0.7-17-False.cnf
229	:	1743673695.623	     0.042	0	655	0	0	./albatross/albatross data/81023-5-100-0.9-16-False.cnf
68	:	1743673695.049	     0.629	0	1961456	0	0	./albatross/albatross data/42462-5-100-0.6-15-False.cnf
230	:	1743673695.628	     0.052	0	17517	0	0	./albatross/albatross data/81023-5-100-0.9-17-False.cnf
236	:	1743673695.657	     0.027	0	683	0	0	./albatross/albatross data/81023-5-100-0.7-13-False.cnf
233	:	1743673695.642	     0.052	0	13946	0	0	./albatross/albatross data/81023-5-100-0.8-15-False.cnf
235	:	1743673695.654	     0.040	0	3712	0	0	./albatross/albatross data/81023-5-100-0.8-17-False.cnf
234	:	1743673695.647	     0.063	0	32222	0	0	./albatross/albatross data/81023-5-100-0.8-16-False.cnf
239	:	1743673695.671	     0.040	0	3914	0	0	./albatross/albatross data/81023-5-100-0.7-16-False.cnf
241	:	1743673695.679	     0.042	0	693	0	0	./albatross/albatross data/81023-5-100-0.6-13-False.cnf
245	:	1743673695.699	     0.023	0	4078	0	0	./albatross/albatross data/81023-5-100-0.6-17-False.cnf
250	:	1743673695.721	     0.013	0	4678	0	0	./albatross/albatross data/81023-5-100-0.5-17-False.cnf
164	:	1743673695.344	     0.403	0	1339518	0	0	./albatross/albatross data/65828-5-100-0.7-16-False.cnf
211	:	1743673695.544	     0.210	0	417131	0	0	./albatross/albatross data/71681-5-100-0.7-13-False.cnf
249	:	1743673695.717	     0.040	0	4624	0	0	./albatross/albatross data/81023-5-100-0.5-16-False.cnf
264	:	1743673695.784	     0.032	0	7223	10	0	./cadical/cadical data/53188-5-100-0.7-16-True.cnf
265	:	1743673695.789	     0.037	0	7262	10	0	./cadical/cadical data/53188-5-100-0.7-17-True.cnf
269	:	1743673695.807	     0.039	0	7823	10	0	./cadical/cadical data/53188-5-100-0.6-16-True.cnf
274	:	1743673695.832	     0.032	0	7931	10	0	./cadical/cadical data/53188-5-100-0.5-16-True.cnf
275	:	1743673695.837	     0.030	0	7910	10	0	./cadical/cadical data/53188-5-100-0.5-17-True.cnf
142	:	1743673695.273	     0.605	0	1525648	0	0	./albatross/albatross data/43018-5-100-0.6-14-False.cnf
237	:	1743673695.662	     0.229	0	379903	0	0	./albatross/albatross data/81023-5-100-0.7-14-False.cnf
191	:	1743673695.452	     0.452	0	953781	0	0	./albatross/albatross data/78144-5-100-0.6-13-False.cnf
285	:	1743673695.887	     0.021	0	7101	10	0	./cadical/cadical data/22710-5-100-0.8-17-True.cnf
260	:	1743673695.766	     0.157	0	8621	10	0	./cadical/cadical data/53188-5-100-0.8-17-True.cnf
138	:	1743673695.262	     0.662	0	1845156	0	0	./albatross/albatross data/43018-5-100-0.7-15-False.cnf
242	:	1743673695.684	     0.242	0	743666	0	0	./albatross/albatross data/81023-5-100-0.6-14-False.cnf
284	:	1743673695.882	     0.045	0	7241	10	0	./cadical/cadical data/22710-5-100-0.8-16-True.cnf
290	:	1743673695.908	     0.036	0	7333	10	0	./cadical/cadical data/22710-5-100-0.7-17-True.cnf
270	:	1743673695.812	     0.132	0	9407	10	0	./cadical/cadical data/53188-5-100-0.6-17-True.cnf
13	:	1743673694.896	     1.052	0	3461913	0	0	./albatross/albatross data/53188-5-100-0.7-15-False.cnf
216	:	1743673695.567	     0.462	0	837633	0	0	./albatross/albatross data/71681-5-100-0.6-13-False.cnf
310	:	1743673696.005	     0.024	0	7212	10	0	./cadical/cadical data/42462-5-100-0.8-17-True.cnf
268	:	1743673695.802	     0.247	0	9848	10	0	./cadical/cadical data/53188-5-100-0.6-15-True.cnf
288	:	1743673695.899	     0.173	0	8846	10	0	./cadical/cadical data/22710-5-100-0.7-15-True.cnf
289	:	1743673695.904	     0.168	0	8836	10	0	./cadical/cadical data/22710-5-100-0.7-16-True.cnf
295	:	1743673695.935	     0.138	0	9179	10	0	./cadical/cadical data/22710-5-100-0.6-17-True.cnf
320	:	1743673696.056	     0.017	0	7458	10	0	./cadical/cadical data/42462-5-100-0.6-17-True.cnf
294	:	1743673695.931	     0.157	0	9092	10	0	./cadical/cadical data/22710-5-100-0.6-16-True.cnf
59	:	1743673695.025	     1.072	0	2354724	0	0	./albatross/albatross data/42462-5-100-0.8-16-False.cnf
63	:	1743673695.035	     1.069	0	3218223	0	0	./albatross/albatross data/42462-5-100-0.7-15-False.cnf
325	:	1743673696.083	     0.022	0	8191	10	0	./cadical/cadical data/42462-5-100-0.5-17-True.cnf
39	:	1743673694.966	     1.139	0	2829981	0	0	./albatross/albatross data/22710-5-100-0.7-16-False.cnf
309	:	1743673696.001	     0.131	0	8764	10	0	./cadical/cadical data/42462-5-100-0.8-16-True.cnf
117	:	1743673695.196	     0.936	0	2766926	0	0	./albatross/albatross data/50408-5-100-0.6-14-False.cnf
21	:	1743673694.917	     1.236	0	3210284	0	0	./albatross/albatross data/53188-5-100-0.5-13-False.cnf
300	:	1743673695.959	     0.217	0	10572	10	0	./cadical/cadical data/22710-5-100-0.5-17-True.cnf
315	:	1743673696.029	     0.148	0	8890	10	0	./cadical/cadical data/42462-5-100-0.7-17-True.cnf
335	:	1743673696.159	     0.019	0	7124	10	0	./cadical/cadical data/18735-5-100-0.8-17-True.cnf
212	:	1743673695.549	     0.641	0	1156861	0	0	./albatross/albatross data/71681-5-100-0.7-14-False.cnf
273	:	1743673695.827	     0.365	0	10248	10	0	./cadical/cadical data/53188-5-100-0.5-15-True.cnf
319	:	1743673696.049	     0.154	0	9654	10	0	./cadical/cadical data/42462-5-100-0.6-16-True.cnf
340	:	1743673696.210	     0.052	0	7213	10	0	./cadical/cadical data/18735-5-100-0.7-17-True.cnf
324	:	1743673696.078	     0.197	0	10133	10	0	./cadical/cadical data/42462-5-100-0.5-16-True.cnf
64	:	1743673695.038	     1.292	0	3557140	0	0	./albatross/albatross data/42462-5-100-0.7-16-False.cnf
314	:	1743673696.024	     0.420	0	10022	10	0	./cadical/cadical data/42462-5-100-0.7-16-True.cnf
345	:	1743673696.452	     0.022	0	7501	10	0	./cadical/cadical data/18735-5-100-0.6-17-True.cnf
20	:	1743673694.914	     1.575	0	4241267	0	0	./albatross/albatross data/53188-5-100-0.6-17-False.cnf
259	:	1743673695.762	     0.753	0	9952	10	0	./cadical/cadical data/53188-5-100-0.8-16-True.cnf
344	:	1743673696.345	     0.177	0	9236	10	0	./cadical/cadical data/18735-5-100-0.6-16-True.cnf
267	:	1743673695.798	     0.768	0	10619	10	0	./cadical/cadical data/53188-5-100-0.6-14-True.cnf
299	:	1743673695.954	     0.628	0	11514	10	0	./cadical/cadical data/22710-5-100-0.5-16-True.cnf
280	:	1743673695.860	     0.752	0	9710	10	0	./cadical/cadical data/22710-5-100-0.9-17-True.cnf
350	:	1743673696.582	     0.039	0	8449	10	0	./cadical/cadical data/18735-5-100-0.5-17-True.cnf
318	:	1743673696.044	     0.637	0	10817	10	0	./cadical/cadical data/42462-5-100-0.6-15-True.cnf
121	:	1743673695.208	     1.490	0	3556639	0	0	./albatross/albatross data/50408-5-100-0.5-13-False.cnf
349	:	1743673696.531	     0.176	0	10270	10	0	./cadical/cadical data/18735-5-100-0.5-16-True.cnf
338	:	1743673696.197	     0.527	0	9928	10	0	./cadical/cadical data/18735-5-100-0.7-15-True.cnf
44	:	1743673694.981	     1.858	0	4161683	0	0	./albatross/albatross data/22710-5-100-0.6-16-False.cnf
339	:	1743673696.203	     0.641	0	9973	10	0	./cadical/cadical data/18735-5-100-0.7-16-True.cnf
330	:	1743673696.111	     0.763	0	9666	10	0	./cadical/cadical data/18735-5-100-0.9-17-True.cnf
360	:	1743673696.881	     0.036	0	7043	10	0	./cadical/cadical data/50408-5-100-0.8-17-True.cnf
358	:	1743673696.845	     0.131	0	8697	10	0	./cadical/cadical data/50408-5-100-0.8-15-True.cnf
348	:	1743673696.522	     0.552	0	11379	10	0	./cadical/cadical data/18735-5-100-0.5-15-True.cnf
359	:	1743673696.864	     0.224	0	8857	10	0	./cadical/cadical data/50408-5-100-0.8-16-True.cnf
243	:	1743673695.689	     1.433	0	2743138	0	0	./albatross/albatross data/81023-5-100-0.6-15-False.cnf
365	:	1743673697.128	     0.014	0	6941	10	0	./cadical/cadical data/50408-5-100-0.7-17-True.cnf
148	:	1743673695.291	     1.900	0	4069229	0	0	./albatross/albatross data/43018-5-100-0.5-15-False.cnf
189	:	1743673695.443	     1.768	0	3852842	0	0	./albatross/albatross data/78144-5-100-0.7-16-False.cnf
40	:	1743673694.969	     2.253	0	4589811	0	0	./albatross/albatross data/22710-5-100-0.7-17-False.cnf
308	:	1743673695.996	     1.237	0	10840	10	0	./cadical/cadical data/42462-5-100-0.8-15-True.cnf
370	:	1743673697.239	     0.021	0	7438	10	0	./cadical/cadical data/50408-5-100-0.6-17-True.cnf
18	:	1743673694.909	     2.394	0	5085927	0	0	./albatross/albatross data/53188-5-100-0.6-15-False.cnf
222	:	1743673695.592	     1.726	0	3077267	0	0	./albatross/albatross data/71681-5-100-0.5-14-False.cnf
92	:	1743673695.121	     2.230	0	4574690	0	0	./albatross/albatross data/18735-5-100-0.6-14-False.cnf
143	:	1743673695.275	     2.077	0	4804948	0	0	./albatross/albatross data/43018-5-100-0.6-15-False.cnf
369	:	1743673697.234	     0.166	0	9089	10	0	./cadical/cadical data/50408-5-100-0.6-16-True.cnf
373	:	1743673697.323	     0.085	0	8515	10	0	./cadical/cadical data/50408-5-100-0.5-15-True.cnf
298	:	1743673695.949	     1.467	0	12690	10	0	./cadical/cadical data/22710-5-100-0.5-15-True.cnf
375	:	1743673697.375	     0.042	0	8071	10	0	./cadical/cadical data/50408-5-100-0.5-17-True.cnf
60	:	1743673695.028	     2.427	0	5296316	0	0	./albatross/albatross data/42462-5-100-0.8-17-False.cnf
272	:	1743673695.822	     1.644	0	12678	10	0	./cadical/cadical data/53188-5-100-0.5-14-True.cnf
368	:	1743673697.218	     0.255	0	9374	10	0	./cadical/cadical data/50408-5-100-0.6-15-True.cnf
374	:	1743673697.366	     0.157	0	9767	10	0	./cadical/cadical data/50408-5-100-0.5-16-True.cnf
263	:	1743673695.781	     1.772	0	11742	10	0	./cadical/cadical data/53188-5-100-0.7-15-True.cnf
246	:	1743673695.703	     1.868	0	3410570	0	0	./albatross/albatross data/81023-5-100-0.5-13-False.cnf
372	:	1743673697.309	     0.279	0	10297	10	0	./cadical/cadical data/50408-5-100-0.5-14-True.cnf
120	:	1743673695.205	     2.414	0	5600611	0	0	./albatross/albatross data/50408-5-100-0.6-17-False.cnf
169	:	1743673695.364	     2.271	0	3808789	0	0	./albatross/albatross data/65828-5-100-0.6-16-False.cnf
343	:	1743673696.280	     1.365	0	11466	10	0	./cadical/cadical data/18735-5-100-0.6-15-True.cnf
389	:	1743673697.661	     0.016	0	7215	10	0	./cadical/cadical data/43018-5-100-0.7-16-True.cnf
390	:	1743673697.684	     0.032	0	7311	10	0	./cadical/cadical data/43018-5-100-0.7-17-True.cnf
385	:	1743673697.578	     0.233	0	8901	10	0	./cadical/cadical data/43018-5-100-0.8-17-True.cnf
364	:	1743673697.095	     0.751	0	10150	10	0	./cadical/cadical data/50408-5-100-0.7-16-True.cnf
244	:	1743673695.694	     2.167	0	4323225	0	0	./albatross/albatross data/81023-5-100-0.6-16-False.cnf
388	:	1743673697.643	     0.229	0	9162	10	0	./cadical/cadical data/43018-5-100-0.7-15-True.cnf
238	:	1743673695.665	     2.213	0	3336106	0	0	./albatross/albatross data/81023-5-100-0.7-15-False.cnf
394	:	1743673697.869	     0.046	0	7569	10	0	./cadical/cadical data/43018-5-100-0.6-16-True.cnf
395	:	1743673697.879	     0.140	0	9064	10	0	./cadical/cadical data/43018-5-100-0.6-17-True.cnf
387	:	1743673697.636	     0.390	0	9640	10	0	./cadical/cadical data/43018-5-100-0.7-14-True.cnf
342	:	1743673696.269	     1.971	0	12541	10	0	./cadical/cadical data/18735-5-100-0.6-14-True.cnf
400	:	1743673698.249	     0.111	0	8804	10	0	./cadical/cadical data/43018-5-100-0.5-17-True.cnf
119	:	1743673695.202	     3.224	0	5648624	0	0	./albatross/albatross data/50408-5-100-0.6-16-False.cnf
399	:	1743673698.032	     0.467	0	10205	10	0	./cadical/cadical data/43018-5-100-0.5-16-True.cnf
393	:	1743673697.854	     0.710	0	10335	10	0	./cadical/cadical data/43018-5-100-0.6-15-True.cnf
67	:	1743673695.046	     3.529	0	6942308	0	0	./albatross/albatross data/42462-5-100-0.6-14-False.cnf
405	:	1743673698.592	     0.157	0	8549	10	0	./cadical/cadical data/65828-5-100-0.9-17-True.cnf
144	:	1743673695.278	     3.511	0	7094038	0	0	./albatross/albatross data/43018-5-100-0.6-16-False.cnf
371	:	1743673697.267	     1.592	0	12877	10	0	./cadical/cadical data/50408-5-100-0.5-13-True.cnf
192	:	1743673695.456	     3.468	0	5851507	0	0	./albatross/albatross data/78144-5-100-0.6-14-False.cnf
217	:	1743673695.572	     3.418	0	6054368	0	0	./albatross/albatross data/71681-5-100-0.6-14-False.cnf
410	:	1743673698.997	     0.018	0	6986	10	0	./cadical/cadical data/65828-5-100-0.8-17-True.cnf
404	:	1743673698.576	     0.591	0	9741	10	0	./cadical/cadical data/65828-5-100-0.9-16-True.cnf
409	:	1743673698.931	     0.256	0	9017	10	0	./cadical/cadical data/65828-5-100-0.8-16-True.cnf
384	:	1743673697.560	     1.644	0	11116	10	0	./cadical/cadical data/43018-5-100-0.8-16-True.cnf
414	:	1743673699.210	     0.029	0	7176	10	0	./cadical/cadical data/65828-5-100-0.7-16-True.cnf
398	:	1743673698.025	     1.259	0	11535	10	0	./cadical/cadical data/43018-5-100-0.5-15-True.cnf
415	:	1743673699.247	     0.039	0	7214	10	0	./cadical/cadical data/65828-5-100-0.7-17-True.cnf
193	:	1743673695.461	     4.006	0	6971265	0	0	./albatross/albatross data/78144-5-100-0.6-15-False.cnf
396	:	1743673697.887	     1.603	0	8488	20	0	./cadical/cadical data/43018-5-100-0.5-13-True.cnf
336	:	1743673696.183	     3.574	0	10674	20	0	./cadical/cadical data/18735-5-100-0.7-13-True.cnf
413	:	1743673699.193	     0.585	0	9886	10	0	./cadical/cadical data/65828-5-100-0.7-15-True.cnf
420	:	1743673699.766	     0.121	0	8633	10	0	./cadical/cadical data/65828-5-100-0.6-17-True.cnf
174	:	1743673695.388	     4.555	0	9035548	0	0	./albatross/albatross data/65828-5-100-0.5-16-False.cnf
149	:	1743673695.294	     4.907	0	8442517	0	0	./albatross/albatross data/43018-5-100-0.5-16-False.cnf
419	:	1743673699.498	     0.798	0	10361	10	0	./cadical/cadical data/65828-5-100-0.6-16-True.cnf
425	:	1743673700.304	     0.163	0	10061	10	0	./cadical/cadical data/65828-5-100-0.5-17-True.cnf
323	:	1743673696.071	     4.546	0	14750	10	0	./cadical/cadical data/42462-5-100-0.5-15-True.cnf
122	:	1743673695.211	     5.506	0	9867548	0	0	./albatross/albatross data/50408-5-100-0.5-14-False.cnf
424	:	1743673700.208	     0.684	0	11074	10	0	./cadical/cadical data/65828-5-100-0.5-16-True.cnf
65	:	1743673695.041	     6.151	0	11607787	0	0	./albatross/albatross data/42462-5-100-0.7-17-False.cnf
423	:	1743673699.962	     1.394	0	12154	10	0	./cadical/cadical data/65828-5-100-0.5-15-True.cnf
317	:	1743673696.040	     5.456	0	14799	10	0	./cadical/cadical data/42462-5-100-0.6-14-True.cnf
218	:	1743673695.575	     5.963	0	11492492	0	0	./albatross/albatross data/71681-5-100-0.6-15-False.cnf
433	:	1743673701.557	     0.031	0	6902	10	0	./cadical/cadical data/78144-5-100-0.8-15-True.cnf
190	:	1743673695.448	     6.255	0	9323946	0	0	./albatross/albatross data/78144-5-100-0.7-17-False.cnf
435	:	1743673701.710	     0.024	0	6920	10	0	./cadical/cadical data/78144-5-100-0.8-17-True.cnf
434	:	1743673701.595	     0.158	0	8473	10	0	./cadical/cadical data/78144-5-100-0.8-16-True.cnf
256	:	1743673695.748	     6.163	0	11904	20	0	./cadical/cadical data/53188-5-100-0.8-13-True.cnf
94	:	1743673695.127	     7.119	0	12965200	0	0	./albatross/albatross data/18735-5-100-0.6-16-False.cnf
93	:	1743673695.124	     7.169	0	11318683	0	0	./albatross/albatross data/18735-5-100-0.6-15-False.cnf
439	:	1743673702.255	     0.117	0	8122	10	0	./cadical/cadical data/78144-5-100-0.7-16-True.cnf
421	:	1743673699.786	     2.599	0	9319	20	0	./cadical/cadical data/65828-5-100-0.5-13-True.cnf
440	:	1743673702.302	     0.190	0	8703	10	0	./cadical/cadical data/78144-5-100-0.7-17-True.cnf
240	:	1743673695.674	     7.053	0	9871679	0	0	./albatross/albatross data/81023-5-100-0.7-17-False.cnf
444	:	1743673702.735	     0.035	0	7674	10	0	./cadical/cadical data/78144-5-100-0.6-16-True.cnf
445	:	1743673702.777	     0.023	0	7668	10	0	./cadical/cadical data/78144-5-100-0.6-17-True.cnf
443	:	1743673702.508	     0.343	0	10091	10	0	./cadical/cadical data/78144-5-100-0.6-15-True.cnf
331	:	1743673696.116	     7.005	0	12131	20	0	./cadical/cadical data/18735-5-100-0.8-13-True.cnf
341	:	1743673696.230	     6.966	0	11494	20	0	./cadical/cadical data/18735-5-100-0.6-13-True.cnf
123	:	1743673695.214	     8.341	0	16150792	0	0	./albatross/albatross data/50408-5-100-0.5-15-False.cnf
258	:	1743673695.757	     7.983	0	15412	10	0	./cadical/cadical data/53188-5-100-0.8-15-True.cnf
73	:	1743673695.062	     8.786	0	16074021	0	0	./albatross/albatross data/42462-5-100-0.5-15-False.cnf
450	:	1743673703.562	     0.289	0	10250	10	0	./cadical/cadical data/78144-5-100-0.5-17-True.cnf
346	:	1743673696.481	     7.391	0	11977	20	0	./cadical/cadical data/18735-5-100-0.5-13-True.cnf
383	:	1743673697.530	     6.398	0	14200	10	0	./cadical/cadical data/43018-5-100-0.8-15-True.cnf
455	:	1743673703.935	     0.023	0	6936	10	0	./cadical/cadical data/71681-5-100-0.9-17-True.cnf
454	:	1743673703.890	     0.172	0	8540	10	0	./cadical/cadical data/71681-5-100-0.9-16-True.cnf
296	:	1743673695.940	     8.136	0	12222	20	0	./cadical/cadical data/22710-5-100-0.5-13-True.cnf
326	:	1743673696.088	     8.414	0	13510	20	0	./cadical/cadical data/18735-5-100-0.9-13-True.cnf
397	:	1743673697.922	     6.603	0	15909	10	0	./cadical/cadical data/43018-5-100-0.5-14-True.cnf
460	:	1743673704.533	     0.029	0	7172	10	0	./cadical/cadical data/71681-5-100-0.8-17-True.cnf
459	:	1743673704.509	     0.151	0	8701	10	0	./cadical/cadical data/71681-5-100-0.8-16-True.cnf
462	:	1743673704.672	     0.055	0	7783	10	0	./cadical/cadical data/71681-5-100-0.7-14-True.cnf
47	:	1743673694.989	     9.738	0	11024422	0	0	./albatross/albatross data/22710-5-100-0.5-14-False.cnf
219	:	1743673695.580	     9.154	0	16184936	0	0	./albatross/albatross data/71681-5-100-0.6-16-False.cnf
316	:	1743673696.035	     8.721	0	12663	20	0	./cadical/cadical data/42462-5-100-0.6-13-True.cnf
463	:	1743673704.734	     0.032	0	7281	10	0	./cadical/cadical data/71681-5-100-0.7-15-True.cnf
465	:	1743673704.754	     0.028	0	7357	10	0	./cadical/cadical data/71681-5-100-0.7-17-True.cnf
464	:	1743673704.742	     0.040	0	7322	10	0	./cadical/cadical data/71681-5-100-0.7-16-True.cnf
449	:	1743673703.204	     1.674	0	12067	10	0	./cadical/cadical data/78144-5-100-0.5-16-True.cnf
470	:	1743673704.884	     0.118	0	9002	10	0	./cadical/cadical data/71681-5-100-0.6-17-True.cnf
291	:	1743673695.914	     9.178	0	13169	20	0	./cadical/cadical data/22710-5-100-0.6-13-True.cnf
469	:	1743673704.803	     0.417	0	10513	10	0	./cadical/cadical data/71681-5-100-0.6-16-True.cnf
313	:	1743673696.019	     9.259	0	15882	10	0	./cadical/cadical data/42462-5-100-0.7-15-True.cnf
474	:	1743673705.291	     0.069	0	8616	10	0	./cadical/cadical data/71681-5-100-0.5-16-True.cnf
261	:	1743673695.771	     9.601	0	13113	20	0	./cadical/cadical data/53188-5-100-0.7-13-True.cnf
475	:	1743673705.393	     0.152	0	9878	10	0	./cadical/cadical data/71681-5-100-0.5-17-True.cnf
468	:	1743673704.788	     0.839	0	10882	10	0	./cadical/cadical data/71681-5-100-0.6-15-True.cnf
473	:	1743673705.236	     0.401	0	11001	10	0	./cadical/cadical data/71681-5-100-0.5-15-True.cnf
376	:	1743673697.406	     8.267	0	12365	20	0	./cadical/cadical data/43018-5-100-0.9-13-True.cnf
456	:	1743673703.965	     1.779	0	8933	20	0	./cadical/cadical data/71681-5-100-0.8-13-True.cnf
480	:	1743673705.684	     0.068	0	6901	10	0	./cadical/cadical data/81023-5-100-0.9-17-True.cnf
266	:	1743673695.794	    10.108	0	13010	20	0	./cadical/cadical data/53188-5-100-0.6-13-True.cnf
283	:	1743673695.878	    10.151	0	15327	10	0	./cadical/cadical data/22710-5-100-0.8-15-True.cnf
472	:	1743673705.109	     1.028	0	12419	10	0	./cadical/cadical data/71681-5-100-0.5-14-True.cnf
485	:	1743673706.147	     0.032	0	6930	10	0	./cadical/cadical data/81023-5-100-0.8-17-True.cnf
406	:	1743673698.757	     7.541	0	12666	20	0	./cadical/cadical data/65828-5-100-0.8-13-True.cnf
484	:	1743673706.040	     0.272	0	8850	10	0	./cadical/cadical data/81023-5-100-0.8-16-True.cnf
311	:	1743673696.010	    10.579	0	13415	20	0	./cadical/cadical data/42462-5-100-0.7-13-True.cnf
251	:	1743673695.726	    10.886	0	13263	20	0	./cadical/cadical data/53188-5-100-0.9-13-True.cnf
173	:	1743673695.380	    11.253	0	18683824	0	0	./albatross/albatross data/65828-5-100-0.5-15-False.cnf
489	:	1743673706.659	     0.054	0	7239	10	0	./cadical/cadical data/81023-5-100-0.7-16-True.cnf
461	:	1743673704.569	     2.167	0	12571	10	0	./cadical/cadical data/71681-5-100-0.7-13-True.cnf
490	:	1743673706.684	     0.072	0	7217	10	0	./cadical/cadical data/81023-5-100-0.7-17-True.cnf
494	:	1743673706.835	     0.020	0	7247	10	0	./cadical/cadical data/81023-5-100-0.6-16-True.cnf
401	:	1743673698.376	     8.502	0	12022	20	0	./cadical/cadical data/65828-5-100-0.9-13-True.cnf
488	:	1743673706.378	     0.519	0	9670	10	0	./cadical/cadical data/81023-5-100-0.7-15-True.cnf
495	:	1743673706.924	     0.026	0	7283	10	0	./cadical/cadical data/81023-5-100-0.6-17-True.cnf
286	:	1743673695.891	    11.181	0	13469	20	0	./cadical/cadical data/22710-5-100-0.7-13-True.cnf
499	:	1743673707.100	     0.021	0	7829	10	0	./cadical/cadical data/81023-5-100-0.5-16-True.cnf
498	:	1743673707.011	     0.160	0	9577	10	0	./cadical/cadical data/81023-5-100-0.5-15-True.cnf
22	:	1743673694.920	    12.269	0	19437046	0	0	./albatross/albatross data/53188-5-100-0.5-14-False.cnf
411	:	1743673699.020	     8.193	0	12396	20	0	./cadical/cadical data/65828-5-100-0.7-13-True.cnf
500	:	1743673707.148	     0.088	0	7878	10	0	./cadical/cadical data/81023-5-100-0.5-17-True.cnf
483	:	1743673705.912	     1.381	0	10818	10	0	./cadical/cadical data/81023-5-100-0.8-15-True.cnf
72	:	1743673695.060	    12.311	0	15924104	0	0	./albatross/albatross data/42462-5-100-0.5-14-False.cnf
392	:	1743673697.827	     9.569	0	16443	10	0	./cadical/cadical data/43018-5-100-0.6-14-True.cnf
248	:	1743673695.711	    11.822	0	19565649	0	0	./albatross/albatross data/81023-5-100-0.5-15-False.cnf
493	:	1743673706.809	     1.036	0	10838	10	0	./cadical/cadical data/81023-5-100-0.6-15-True.cnf
508	:	1743673707.565	     0.281	0	3654	10	0	./kissat-sc2024/bin/kissat data/53188-5-100-0.8-15-True.cnf
510	:	1743673707.863	     0.160	0	3729	10	0	./kissat-sc2024/bin/kissat data/53188-5-100-0.8-17-True.cnf
466	:	1743673704.766	     3.345	0	10127	20	0	./cadical/cadical data/71681-5-100-0.6-13-True.cnf
391	:	1743673697.724	    10.420	0	13251	20	0	./cadical/cadical data/43018-5-100-0.6-13-True.cnf
513	:	1743673708.151	     0.161	0	3835	10	0	./kissat-sc2024/bin/kissat data/53188-5-100-0.7-15-True.cnf
467	:	1743673704.773	     3.550	0	14056	10	0	./cadical/cadical data/71681-5-100-0.6-14-True.cnf
515	:	1743673708.332	     0.098	0	3910	10	0	./kissat-sc2024/bin/kissat data/53188-5-100-0.7-17-True.cnf
514	:	1743673708.319	     0.161	0	3876	10	0	./kissat-sc2024/bin/kissat data/53188-5-100-0.7-16-True.cnf
426	:	1743673700.474	     8.074	0	13322	20	0	./cadical/cadical data/78144-5-100-0.9-13-True.cnf
518	:	1743673708.554	     0.160	0	4261	10	0	./kissat-sc2024/bin/kissat data/53188-5-100-0.6-15-True.cnf
271	:	1743673695.816	    12.928	0	14103	20	0	./cadical/cadical data/53188-5-100-0.5-13-True.cnf
321	:	1743673696.061	    12.685	0	13344	20	0	./cadical/cadical data/42462-5-100-0.5-13-True.cnf
520	:	1743673708.754	     0.085	0	4344	10	0	./kissat-sc2024/bin/kissat data/53188-5-100-0.6-17-True.cnf
519	:	1743673708.722	     0.128	0	4305	10	0	./kissat-sc2024/bin/kissat data/53188-5-100-0.6-16-True.cnf
512	:	1743673708.119	     0.886	0	3794	10	0	./kissat-sc2024/bin/kissat data/53188-5-100-0.7-14-True.cnf
523	:	1743673708.858	     0.154	0	4451	10	0	./kissat-sc2024/bin/kissat data/53188-5-100-0.5-15-True.cnf
367	:	1743673697.198	    11.868	0	16445	10	0	./cadical/cadical data/50408-5-100-0.6-14-True.cnf
509	:	1743673707.854	     1.213	0	3694	10	0	./kissat-sc2024/bin/kissat data/53188-5-100-0.8-16-True.cnf
522	:	1743673708.847	     0.238	0	4407	10	0	./kissat-sc2024/bin/kissat data/53188-5-100-0.5-14-True.cnf
524	:	1743673709.012	     0.097	0	4500	10	0	./kissat-sc2024/bin/kissat data/53188-5-100-0.5-16-True.cnf
525	:	1743673709.021	     0.097	0	4552	10	0	./kissat-sc2024/bin/kissat data/53188-5-100-0.5-17-True.cnf
517	:	1743673708.487	     0.643	0	4217	10	0	./kissat-sc2024/bin/kissat data/53188-5-100-0.6-14-True.cnf
361	:	1743673696.923	    12.301	0	14218	20	0	./cadical/cadical data/50408-5-100-0.7-13-True.cnf
530	:	1743673709.126	     0.121	0	3571	10	0	./kissat-sc2024/bin/kissat data/22710-5-100-0.9-17-True.cnf
431	:	1743673701.364	     7.914	0	11982	20	0	./cadical/cadical data/78144-5-100-0.8-13-True.cnf
441	:	1743673702.379	     6.913	0	11852	20	0	./cadical/cadical data/78144-5-100-0.6-13-True.cnf
535	:	1743673709.308	     0.073	0	3750	10	0	./kissat-sc2024/bin/kissat data/22710-5-100-0.8-17-True.cnf
534	:	1743673709.291	     0.101	0	3711	10	0	./kissat-sc2024/bin/kissat data/22710-5-100-0.8-16-True.cnf
533	:	1743673709.256	     0.190	0	3673	10	0	./kissat-sc2024/bin/kissat data/22710-5-100-0.8-15-True.cnf
497	:	1743673706.982	     2.519	0	13242	10	0	./cadical/cadical data/81023-5-100-0.5-14-True.cnf
422	:	1743673699.894	     9.654	0	12789	20	0	./cadical/cadical data/65828-5-100-0.5-14-True.cnf
539	:	1743673709.510	     0.108	0	3883	10	0	./kissat-sc2024/bin/kissat data/22710-5-100-0.7-16-True.cnf
540	:	1743673709.555	     0.131	0	3917	10	0	./kissat-sc2024/bin/kissat data/22710-5-100-0.7-17-True.cnf
442	:	1743673702.404	     7.463	0	15540	10	0	./cadical/cadical data/78144-5-100-0.6-14-True.cnf
487	:	1743673706.362	     3.930	0	13542	10	0	./cadical/cadical data/81023-5-100-0.7-14-True.cnf
457	:	1743673704.071	     6.223	0	11402	20	0	./cadical/cadical data/71681-5-100-0.8-14-True.cnf
471	:	1743673705.008	     5.383	0	11779	20	0	./cadical/cadical data/71681-5-100-0.5-13-True.cnf
262	:	1743673695.776	    14.674	0	17398	10	0	./cadical/cadical data/53188-5-100-0.7-14-True.cnf
281	:	1743673695.865	    14.606	0	14497	20	0	./cadical/cadical data/22710-5-100-0.8-13-True.cnf
545	:	1743673710.329	     0.155	0	4164	10	0	./kissat-sc2024/bin/kissat data/22710-5-100-0.6-17-True.cnf
549	:	1743673710.505	     0.086	0	5157	10	0	./kissat-sc2024/bin/kissat data/22710-5-100-0.5-16-True.cnf
550	:	1743673710.599	     0.092	0	5214	10	0	./kissat-sc2024/bin/kissat data/22710-5-100-0.5-17-True.cnf
48	:	1743673694.992	    15.936	0	22500985	0	0	./albatross/albatross data/22710-5-100-0.5-15-False.cnf
544	:	1743673710.302	     0.835	0	4130	10	0	./kissat-sc2024/bin/kissat data/22710-5-100-0.6-16-True.cnf
306	:	1743673695.987	    15.230	0	14407	20	0	./cadical/cadical data/42462-5-100-0.8-13-True.cnf
276	:	1743673695.842	    15.575	0	15424	20	0	./cadical/cadical data/22710-5-100-0.9-13-True.cnf
172	:	1743673695.377	    16.337	0	22455510	0	0	./albatross/albatross data/65828-5-100-0.5-14-False.cnf
538	:	1743673709.459	     2.342	0	3841	10	0	./kissat-sc2024/bin/kissat data/22710-5-100-0.7-15-True.cnf
337	:	1743673696.190	    16.108	0	15056	20	0	./cadical/cadical data/18735-5-100-0.7-14-True.cnf
506	:	1743673707.424	     5.598	0	16	20	0	./kissat-sc2024/bin/kissat data/53188-5-100-0.8-13-True.cnf
559	:	1743673713.031	     0.091	0	3824	10	0	./kissat-sc2024/bin/kissat data/42462-5-100-0.8-16-True.cnf
560	:	1743673713.130	     0.087	0	3859	10	0	./kissat-sc2024/bin/kissat data/42462-5-100-0.8-17-True.cnf
476	:	1743673705.419	     7.882	0	12386	20	0	./cadical/cadical data/81023-5-100-0.9-13-True.cnf
558	:	1743673712.314	     1.616	0	3784	10	0	./kissat-sc2024/bin/kissat data/42462-5-100-0.8-15-True.cnf
223	:	1743673695.597	    18.351	0	25112255	0	0	./albatross/albatross data/71681-5-100-0.5-15-False.cnf
564	:	1743673713.956	     0.138	0	3933	10	0	./kissat-sc2024/bin/kissat data/42462-5-100-0.7-16-True.cnf
563	:	1743673713.944	     0.246	0	3895	10	0	./kissat-sc2024/bin/kissat data/42462-5-100-0.7-15-True.cnf
446	:	1743673702.807	    11.434	0	12821	20	0	./cadical/cadical data/78144-5-100-0.5-13-True.cnf
565	:	1743673714.101	     0.141	0	3974	10	0	./kissat-sc2024/bin/kissat data/42462-5-100-0.7-17-True.cnf
568	:	1743673714.260	     0.114	0	4208	10	0	./kissat-sc2024/bin/kissat data/42462-5-100-0.6-15-True.cnf
569	:	1743673714.381	     0.101	0	4252	10	0	./kissat-sc2024/bin/kissat data/42462-5-100-0.6-16-True.cnf
570	:	1743673714.491	     0.013	0	4694	10	0	./kissat-sc2024/bin/kissat data/42462-5-100-0.6-17-True.cnf
567	:	1743673714.250	     0.726	0	4163	10	0	./kissat-sc2024/bin/kissat data/42462-5-100-0.6-14-True.cnf
97	:	1743673695.134	    19.922	0	28659719	0	0	./albatross/albatross data/18735-5-100-0.5-14-False.cnf
416	:	1743673699.294	    16.246	0	15027	20	0	./cadical/cadical data/65828-5-100-0.6-13-True.cnf
496	:	1743673706.951	     8.663	0	12848	20	0	./cadical/cadical data/81023-5-100-0.5-13-True.cnf
511	:	1743673708.030	     7.595	0	16	20	0	./kissat-sc2024/bin/kissat data/53188-5-100-0.7-13-True.cnf
574	:	1743673715.548	     0.138	0	4833	10	0	./kissat-sc2024/bin/kissat data/42462-5-100-0.5-16-True.cnf
575	:	1743673715.622	     0.078	0	4884	10	0	./kissat-sc2024/bin/kissat data/42462-5-100-0.5-17-True.cnf
573	:	1743673715.066	     0.637	0	4777	10	0	./kissat-sc2024/bin/kissat data/42462-5-100-0.5-15-True.cnf
381	:	1743673697.473	    18.553	0	15708	20	0	./cadical/cadical data/43018-5-100-0.8-13-True.cnf
247	:	1743673695.707	    20.627	0	26064209	0	0	./albatross/albatross data/81023-5-100-0.5-14-False.cnf
580	:	1743673716.043	     0.315	0	3507	10	0	./kissat-sc2024/bin/kissat data/18735-5-100-0.9-17-True.cnf
69	:	1743673695.051	    21.354	0	27416265	0	0	./albatross/albatross data/42462-5-100-0.6-16-False.cnf
486	:	1743673706.203	    11.306	0	13609	20	0	./cadical/cadical data/81023-5-100-0.7-13-True.cnf
501	:	1743673707.266	    10.832	0	16	20	0	./kissat-sc2024/bin/kissat data/53188-5-100-0.9-13-True.cnf
585	:	1743673718.115	     0.119	0	3761	10	0	./kissat-sc2024/bin/kissat data/18735-5-100-0.8-17-True.cnf
548	:	1743673710.480	     7.775	0	5099	10	0	./kissat-sc2024/bin/kissat data/22710-5-100-0.5-15-True.cnf
257	:	1743673695.753	    22.842	0	16880	20	0	./cadical/cadical data/53188-5-100-0.8-14-True.cnf
386	:	1743673697.596	    21.051	0	15859	20	0	./cadical/cadical data/43018-5-100-0.7-13-True.cnf
588	:	1743673718.603	     0.126	0	3793	10	0	./kissat-sc2024/bin/kissat data/18735-5-100-0.7-15-True.cnf
589	:	1743673718.660	     0.125	0	3833	10	0	./kissat-sc2024/bin/kissat data/18735-5-100-0.7-16-True.cnf
590	:	1743673718.736	     0.118	0	3867	10	0	./kissat-sc2024/bin/kissat data/18735-5-100-0.7-17-True.cnf
438	:	1743673701.918	    17.120	0	16973	10	0	./cadical/cadical data/78144-5-100-0.7-15-True.cnf
301	:	1743673695.964	    23.181	0	16932	20	0	./cadical/cadical data/42462-5-100-0.9-13-True.cnf
593	:	1743673719.045	     0.164	0	4116	10	0	./kissat-sc2024/bin/kissat data/18735-5-100-0.6-15-True.cnf
594	:	1743673719.161	     0.092	0	4160	10	0	./kissat-sc2024/bin/kissat data/18735-5-100-0.6-16-True.cnf
595	:	1743673719.217	     0.108	0	4202	10	0	./kissat-sc2024/bin/kissat data/18735-5-100-0.6-17-True.cnf
521	:	1743673708.763	    11.253	0	16	20	0	./kissat-sc2024/bin/kissat data/53188-5-100-0.5-13-True.cnf
598	:	1743673720.031	     0.250	0	4986	10	0	./kissat-sc2024/bin/kissat data/18735-5-100-0.5-15-True.cnf
546	:	1743673710.404	     9.884	0	16	20	0	./kissat-sc2024/bin/kissat data/22710-5-100-0.5-13-True.cnf
599	:	1743673720.288	     0.085	0	5041	10	0	./kissat-sc2024/bin/kissat data/18735-5-100-0.5-16-True.cnf
541	:	1743673709.626	    10.778	0	16	20	0	./kissat-sc2024/bin/kissat data/22710-5-100-0.6-13-True.cnf
600	:	1743673720.296	     0.144	0	5092	10	0	./kissat-sc2024/bin/kissat data/18735-5-100-0.5-17-True.cnf
586	:	1743673718.243	     2.759	0	16	20	0	./kissat-sc2024/bin/kissat data/18735-5-100-0.7-13-True.cnf
592	:	1743673718.868	     2.382	0	4073	10	0	./kissat-sc2024/bin/kissat data/18735-5-100-0.6-14-True.cnf
536	:	1743673709.390	    12.641	0	16	20	0	./kissat-sc2024/bin/kissat data/22710-5-100-0.7-13-True.cnf
566	:	1743673714.206	     8.118	0	16	20	0	./kissat-sc2024/bin/kissat data/42462-5-100-0.6-13-True.cnf
576	:	1743673715.642	     6.715	0	16	20	0	./kissat-sc2024/bin/kissat data/18735-5-100-0.9-13-True.cnf
581	:	1743673716.341	     6.342	0	16	20	0	./kissat-sc2024/bin/kissat data/18735-5-100-0.8-13-True.cnf
561	:	1743673713.225	     9.522	0	16	20	0	./kissat-sc2024/bin/kissat data/42462-5-100-0.7-13-True.cnf
609	:	1743673722.692	     0.146	0	3600	10	0	./kissat-sc2024/bin/kissat data/50408-5-100-0.8-16-True.cnf
610	:	1743673722.760	     0.099	0	3628	10	0	./kissat-sc2024/bin/kissat data/50408-5-100-0.8-17-True.cnf
608	:	1743673722.365	     0.867	0	3556	10	0	./kissat-sc2024/bin/kissat data/50408-5-100-0.8-15-True.cnf
516	:	1743673708.438	    14.864	0	16	20	0	./kissat-sc2024/bin/kissat data/53188-5-100-0.6-13-True.cnf
614	:	1743673723.309	     0.122	0	3844	10	0	./kissat-sc2024/bin/kissat data/50408-5-100-0.7-16-True.cnf
615	:	1743673723.439	     0.012	0	4177	10	0	./kissat-sc2024/bin/kissat data/50408-5-100-0.7-17-True.cnf
436	:	1743673701.743	    23.230	0	16031	20	0	./cadical/cadical data/78144-5-100-0.7-13-True.cnf
491	:	1743673706.713	    18.705	0	15432	20	0	./cadical/cadical data/81023-5-100-0.6-13-True.cnf
551	:	1743673710.699	    14.910	0	16	20	0	./kissat-sc2024/bin/kissat data/42462-5-100-0.9-13-True.cnf
24	:	1743673694.925	    30.802	0	44283901	0	0	./albatross/albatross data/53188-5-100-0.5-16-False.cnf
619	:	1743673725.628	     0.125	0	4047	10	0	./kissat-sc2024/bin/kissat data/50408-5-100-0.6-16-True.cnf
618	:	1743673725.426	     0.385	0	4006	10	0	./kissat-sc2024/bin/kissat data/50408-5-100-0.6-15-True.cnf
620	:	1743673725.736	     0.125	0	4084	10	0	./kissat-sc2024/bin/kissat data/50408-5-100-0.6-17-True.cnf
622	:	1743673725.819	     0.141	0	4556	10	0	./kissat-sc2024/bin/kissat data/50408-5-100-0.5-14-True.cnf
623	:	1743673725.877	     0.100	0	4608	10	0	./kissat-sc2024/bin/kissat data/50408-5-100-0.5-15-True.cnf
198	:	1743673695.483	    30.533	0	41095664	0	0	./albatross/albatross data/78144-5-100-0.5-15-False.cnf
624	:	1743673725.967	     0.114	0	4663	10	0	./kissat-sc2024/bin/kissat data/50408-5-100-0.5-16-True.cnf
625	:	1743673725.994	     0.118	0	4711	10	0	./kissat-sc2024/bin/kissat data/50408-5-100-0.5-17-True.cnf
591	:	1743673718.793	     7.529	0	16	20	0	./kissat-sc2024/bin/kissat data/18735-5-100-0.6-13-True.cnf
571	:	1743673714.512	    11.965	0	16	20	0	./kissat-sc2024/bin/kissat data/42462-5-100-0.5-13-True.cnf
556	:	1743673711.722	    15.447	0	16	20	0	./kissat-sc2024/bin/kissat data/42462-5-100-0.8-13-True.cnf
531	:	1743673709.137	    18.651	0	16	20	0	./kissat-sc2024/bin/kissat data/22710-5-100-0.8-13-True.cnf
596	:	1743673719.269	     8.590	0	16	20	0	./kissat-sc2024/bin/kissat data/18735-5-100-0.5-13-True.cnf
633	:	1743673727.868	     0.387	0	3612	10	0	./kissat-sc2024/bin/kissat data/43018-5-100-0.8-15-True.cnf
621	:	1743673725.760	     2.678	0	4499	10	0	./kissat-sc2024/bin/kissat data/50408-5-100-0.5-13-True.cnf
635	:	1743673728.455	     0.101	0	3688	10	0	./kissat-sc2024/bin/kissat data/43018-5-100-0.8-17-True.cnf
617	:	1743673724.983	     3.773	0	3962	10	0	./kissat-sc2024/bin/kissat data/50408-5-100-0.6-14-True.cnf
507	:	1743673707.451	    21.594	0	16	20	0	./kissat-sc2024/bin/kissat data/53188-5-100-0.8-14-True.cnf
638	:	1743673729.053	     0.174	0	3878	10	0	./kissat-sc2024/bin/kissat data/43018-5-100-0.7-15-True.cnf
639	:	1743673729.236	     0.128	0	3919	10	0	./kissat-sc2024/bin/kissat data/43018-5-100-0.7-16-True.cnf
640	:	1743673729.372	     0.099	0	3957	10	0	./kissat-sc2024/bin/kissat data/43018-5-100-0.7-17-True.cnf
634	:	1743673728.263	     1.277	0	3652	10	0	./kissat-sc2024/bin/kissat data/43018-5-100-0.8-16-True.cnf
366	:	1743673697.150	    32.406	0	17668	20	0	./cadical/cadical data/50408-5-100-0.6-13-True.cnf
643	:	1743673729.565	     0.113	0	3993	10	0	./kissat-sc2024/bin/kissat data/43018-5-100-0.6-15-True.cnf
644	:	1743673729.687	     0.139	0	4034	10	0	./kissat-sc2024/bin/kissat data/43018-5-100-0.6-16-True.cnf
645	:	1743673729.835	     0.082	0	4071	10	0	./kissat-sc2024/bin/kissat data/43018-5-100-0.6-17-True.cnf
637	:	1743673728.763	     1.596	0	3838	10	0	./kissat-sc2024/bin/kissat data/43018-5-100-0.7-14-True.cnf
356	:	1743673696.713	    34.257	0	18185	20	0	./cadical/cadical data/50408-5-100-0.8-13-True.cnf
23	:	1743673694.922	    36.291	0	43461626	0	0	./albatross/albatross data/53188-5-100-0.5-15-False.cnf
648	:	1743673730.978	     0.266	0	4182	10	0	./kissat-sc2024/bin/kissat data/43018-5-100-0.5-15-True.cnf
649	:	1743673731.229	     0.133	0	4230	10	0	./kissat-sc2024/bin/kissat data/43018-5-100-0.5-16-True.cnf
650	:	1743673731.252	     0.142	0	4266	10	0	./kissat-sc2024/bin/kissat data/43018-5-100-0.5-17-True.cnf
95	:	1743673695.129	    36.266	0	42416002	0	0	./albatross/albatross data/18735-5-100-0.6-17-False.cnf
646	:	1743673729.926	     2.080	0	16	20	0	./kissat-sc2024/bin/kissat data/43018-5-100-0.5-13-True.cnf
654	:	1743673732.015	     0.125	0	3595	10	0	./kissat-sc2024/bin/kissat data/65828-5-100-0.9-16-True.cnf
655	:	1743673732.148	     0.098	0	3621	10	0	./kissat-sc2024/bin/kissat data/65828-5-100-0.9-17-True.cnf
351	:	1743673696.595	    35.664	0	18458	20	0	./cadical/cadical data/50408-5-100-0.9-13-True.cnf
647	:	1743673730.370	     2.427	0	4140	10	0	./kissat-sc2024/bin/kissat data/43018-5-100-0.5-14-True.cnf
451	:	1743673703.748	    29.209	0	17009	20	0	./cadical/cadical data/71681-5-100-0.9-13-True.cnf
659	:	1743673732.965	     0.121	0	3652	10	0	./kissat-sc2024/bin/kissat data/65828-5-100-0.8-16-True.cnf
660	:	1743673733.094	     0.096	0	3686	10	0	./kissat-sc2024/bin/kissat data/65828-5-100-0.8-17-True.cnf
347	:	1743673696.497	    36.736	0	17200	20	0	./cadical/cadical data/18735-5-100-0.5-14-True.cnf
626	:	1743673726.024	     7.437	0	16	20	0	./kissat-sc2024/bin/kissat data/43018-5-100-0.9-13-True.cnf
663	:	1743673733.477	     0.142	0	3789	10	0	./kissat-sc2024/bin/kissat data/65828-5-100-0.7-15-True.cnf
664	:	1743673733.628	     0.095	0	3831	10	0	./kissat-sc2024/bin/kissat data/65828-5-100-0.7-16-True.cnf
665	:	1743673733.733	     0.101	0	3859	10	0	./kissat-sc2024/bin/kissat data/65828-5-100-0.7-17-True.cnf
587	:	1743673718.269	    16.088	0	16	20	0	./kissat-sc2024/bin/kissat data/18735-5-100-0.7-14-True.cnf
611	:	1743673722.844	    11.946	0	16	20	0	./kissat-sc2024/bin/kissat data/50408-5-100-0.7-13-True.cnf
526	:	1743673709.074	    25.918	0	16	20	0	./kissat-sc2024/bin/kissat data/22710-5-100-0.9-13-True.cnf
297	:	1743673695.944	    39.548	0	17623	20	0	./cadical/cadical data/22710-5-100-0.5-14-True.cnf
100	:	1743673695.144	    40.396	0	54835665	0	0	./albatross/albatross data/18735-5-100-0.5-17-False.cnf
670	:	1743673735.501	     0.137	0	4165	10	0	./kissat-sc2024/bin/kissat data/65828-5-100-0.6-17-True.cnf
669	:	1743673735.008	     0.808	0	4131	10	0	./kissat-sc2024/bin/kissat data/65828-5-100-0.6-16-True.cnf
402	:	1743673698.442	    38.046	0	18266	20	0	./cadical/cadical data/65828-5-100-0.9-14-True.cnf
674	:	1743673736.497	     0.124	0	4617	10	0	./kissat-sc2024/bin/kissat data/65828-5-100-0.5-16-True.cnf
675	:	1743673736.628	     0.095	0	4664	10	0	./kissat-sc2024/bin/kissat data/65828-5-100-0.5-17-True.cnf
481	:	1743673705.776	    32.359	0	17529	20	0	./cadical/cadical data/81023-5-100-0.8-13-True.cnf
332	:	1743673696.121	    42.053	0	18859	20	0	./cadical/cadical data/18735-5-100-0.8-14-True.cnf
673	:	1743673735.832	     2.806	0	4562	10	0	./kissat-sc2024/bin/kissat data/65828-5-100-0.5-15-True.cnf
49	:	1743673694.994	    44.088	0	49578130	0	0	./albatross/albatross data/22710-5-100-0.5-16-False.cnf
671	:	1743673735.557	     3.636	0	16	20	0	./kissat-sc2024/bin/kissat data/65828-5-100-0.5-13-True.cnf
651	:	1743673731.372	     8.190	0	16	20	0	./kissat-sc2024/bin/kissat data/65828-5-100-0.9-13-True.cnf
407	:	1743673698.798	    40.824	0	19073	20	0	./cadical/cadical data/65828-5-100-0.8-14-True.cnf
683	:	1743673739.643	     0.794	0	3552	10	0	./kissat-sc2024/bin/kissat data/78144-5-100-0.8-15-True.cnf
684	:	1743673740.445	     0.108	0	3594	10	0	./kissat-sc2024/bin/kissat data/78144-5-100-0.8-16-True.cnf
685	:	1743673740.562	     0.096	0	3621	10	0	./kissat-sc2024/bin/kissat data/78144-5-100-0.8-17-True.cnf
601	:	1743673720.388	    20.806	0	16	20	0	./kissat-sc2024/bin/kissat data/50408-5-100-0.9-13-True.cnf
661	:	1743673733.197	     8.292	0	16	20	0	./kissat-sc2024/bin/kissat data/65828-5-100-0.7-13-True.cnf
292	:	1743673695.919	    45.873	0	19121	20	0	./cadical/cadical data/22710-5-100-0.6-14-True.cnf
312	:	1743673696.014	    46.081	0	19476	20	0	./cadical/cadical data/42462-5-100-0.7-14-True.cnf
690	:	1743673742.104	     0.090	0	3785	10	0	./kissat-sc2024/bin/kissat data/78144-5-100-0.7-17-True.cnf
656	:	1743673732.255	    10.196	0	16	20	0	./kissat-sc2024/bin/kissat data/65828-5-100-0.8-13-True.cnf
327	:	1743673696.093	    46.466	0	19007	20	0	./cadical/cadical data/18735-5-100-0.9-14-True.cnf
689	:	1743673741.806	     0.858	0	3749	10	0	./kissat-sc2024/bin/kissat data/78144-5-100-0.7-16-True.cnf
693	:	1743673742.566	     0.138	0	4280	10	0	./kissat-sc2024/bin/kissat data/78144-5-100-0.6-15-True.cnf
694	:	1743673742.671	     0.138	0	4324	10	0	./kissat-sc2024/bin/kissat data/78144-5-100-0.6-16-True.cnf
695	:	1743673742.713	     0.096	0	4375	10	0	./kissat-sc2024/bin/kissat data/78144-5-100-0.6-17-True.cnf
641	:	1743673729.480	    13.348	0	16	20	0	./kissat-sc2024/bin/kissat data/43018-5-100-0.6-13-True.cnf
642	:	1743673729.550	    13.796	0	3950	10	0	./kissat-sc2024/bin/kissat data/43018-5-100-0.6-14-True.cnf
412	:	1743673699.172	    44.236	0	18336	20	0	./cadical/cadical data/65828-5-100-0.7-14-True.cnf
547	:	1743673710.462	    32.955	0	16	20	0	./kissat-sc2024/bin/kissat data/22710-5-100-0.5-14-True.cnf
699	:	1743673743.353	     0.152	0	4540	10	0	./kissat-sc2024/bin/kissat data/78144-5-100-0.5-16-True.cnf
700	:	1743673743.416	     0.119	0	4591	10	0	./kissat-sc2024/bin/kissat data/78144-5-100-0.5-17-True.cnf
692	:	1743673742.460	     2.080	0	4236	10	0	./kissat-sc2024/bin/kissat data/78144-5-100-0.6-14-True.cnf
704	:	1743673744.548	     0.069	0	3608	10	0	./kissat-sc2024/bin/kissat data/71681-5-100-0.9-16-True.cnf
676	:	1743673736.731	     7.960	0	16	20	0	./kissat-sc2024/bin/kissat data/78144-5-100-0.9-13-True.cnf
705	:	1743673744.624	     0.076	0	3643	10	0	./kissat-sc2024/bin/kissat data/71681-5-100-0.9-17-True.cnf
287	:	1743673695.895	    49.538	0	18847	20	0	./cadical/cadical data/22710-5-100-0.7-14-True.cnf
502	:	1743673707.293	    38.641	0	16	20	0	./kissat-sc2024/bin/kissat data/53188-5-100-0.9-14-True.cnf
706	:	1743673744.700	     1.246	0	16	20	0	./kissat-sc2024/bin/kissat data/71681-5-100-0.8-13-True.cnf
710	:	1743673745.963	     0.067	0	3828	10	0	./kissat-sc2024/bin/kissat data/71681-5-100-0.8-17-True.cnf
636	:	1743673728.563	    17.475	0	16	20	0	./kissat-sc2024/bin/kissat data/43018-5-100-0.7-13-True.cnf
709	:	1743673745.943	     0.128	0	3787	10	0	./kissat-sc2024/bin/kissat data/71681-5-100-0.8-16-True.cnf
713	:	1743673746.077	     0.096	0	3935	10	0	./kissat-sc2024/bin/kissat data/71681-5-100-0.7-15-True.cnf
714	:	1743673746.180	     0.087	0	3971	10	0	./kissat-sc2024/bin/kissat data/71681-5-100-0.7-16-True.cnf
715	:	1743673746.274	     0.090	0	4010	10	0	./kissat-sc2024/bin/kissat data/71681-5-100-0.7-17-True.cnf
672	:	1743673735.645	    10.739	0	16	20	0	./kissat-sc2024/bin/kissat data/65828-5-100-0.5-14-True.cnf
712	:	1743673746.048	     0.342	0	3891	10	0	./kissat-sc2024/bin/kissat data/71681-5-100-0.7-14-True.cnf
582	:	1743673716.364	    30.713	0	16	20	0	./kissat-sc2024/bin/kissat data/18735-5-100-0.8-14-True.cnf
719	:	1743673747.087	     0.089	0	4430	10	0	./kissat-sc2024/bin/kissat data/71681-5-100-0.6-16-True.cnf
718	:	1743673746.406	     0.873	0	4382	10	0	./kissat-sc2024/bin/kissat data/71681-5-100-0.6-15-True.cnf
720	:	1743673747.184	     0.108	0	4474	10	0	./kissat-sc2024/bin/kissat data/71681-5-100-0.6-17-True.cnf
722	:	1743673747.300	     0.144	0	4979	10	0	./kissat-sc2024/bin/kissat data/71681-5-100-0.5-14-True.cnf
723	:	1743673747.452	     0.137	0	5035	10	0	./kissat-sc2024/bin/kissat data/71681-5-100-0.5-15-True.cnf
724	:	1743673747.597	     0.114	0	5090	10	0	./kissat-sc2024/bin/kissat data/71681-5-100-0.5-16-True.cnf
725	:	1743673747.720	     0.088	0	5142	10	0	./kissat-sc2024/bin/kissat data/71681-5-100-0.5-17-True.cnf
377	:	1743673697.416	    50.496	0	19499	20	0	./cadical/cadical data/43018-5-100-0.9-14-True.cnf
666	:	1743673733.844	    14.611	0	16	20	0	./kissat-sc2024/bin/kissat data/65828-5-100-0.6-13-True.cnf
691	:	1743673742.203	     6.470	0	16	20	0	./kissat-sc2024/bin/kissat data/78144-5-100-0.6-13-True.cnf
707	:	1743673744.708	     4.062	0	16	20	0	./kissat-sc2024/bin/kissat data/71681-5-100-0.8-14-True.cnf
730	:	1743673748.780	     0.131	0	3558	10	0	./kissat-sc2024/bin/kissat data/81023-5-100-0.9-17-True.cnf
681	:	1743673739.214	     9.785	0	16	20	0	./kissat-sc2024/bin/kissat data/78144-5-100-0.8-13-True.cnf
432	:	1743673701.503	    48.174	0	18917	20	0	./cadical/cadical data/78144-5-100-0.8-14-True.cnf
733	:	1743673749.685	     0.148	0	3557	10	0	./kissat-sc2024/bin/kissat data/81023-5-100-0.8-15-True.cnf
631	:	1743673727.185	    22.710	0	16	20	0	./kissat-sc2024/bin/kissat data/43018-5-100-0.8-13-True.cnf
734	:	1743673749.840	     0.087	0	3598	10	0	./kissat-sc2024/bin/kissat data/81023-5-100-0.8-16-True.cnf
735	:	1743673749.901	     0.095	0	3628	10	0	./kissat-sc2024/bin/kissat data/81023-5-100-0.8-17-True.cnf
616	:	1743673723.458	    26.707	0	16	20	0	./kissat-sc2024/bin/kissat data/50408-5-100-0.6-13-True.cnf
606	:	1743673722.044	    28.249	0	16	20	0	./kissat-sc2024/bin/kissat data/50408-5-100-0.8-13-True.cnf
738	:	1743673750.180	     0.123	0	3784	10	0	./kissat-sc2024/bin/kissat data/81023-5-100-0.7-15-True.cnf
740	:	1743673750.319	     0.084	0	3864	10	0	./kissat-sc2024/bin/kissat data/81023-5-100-0.7-17-True.cnf
739	:	1743673750.300	     0.120	0	3826	10	0	./kissat-sc2024/bin/kissat data/81023-5-100-0.7-16-True.cnf
716	:	1743673746.370	     4.058	0	16	20	0	./kissat-sc2024/bin/kissat data/71681-5-100-0.6-13-True.cnf
743	:	1743673750.446	     0.150	0	3907	10	0	./kissat-sc2024/bin/kissat data/81023-5-100-0.6-15-True.cnf
744	:	1743673750.604	     0.098	0	3949	10	0	./kissat-sc2024/bin/kissat data/81023-5-100-0.6-16-True.cnf
745	:	1743673750.710	     0.085	0	3990	10	0	./kissat-sc2024/bin/kissat data/81023-5-100-0.6-17-True.cnf
688	:	1743673741.497	     9.325	0	3707	10	0	./kissat-sc2024/bin/kissat data/78144-5-100-0.7-15-True.cnf
717	:	1743673746.390	     4.839	0	4340	10	0	./kissat-sc2024/bin/kissat data/71681-5-100-0.6-14-True.cnf
748	:	1743673751.237	     0.082	0	4469	10	0	./kissat-sc2024/bin/kissat data/81023-5-100-0.5-15-True.cnf
749	:	1743673751.326	     0.082	0	4522	10	0	./kissat-sc2024/bin/kissat data/81023-5-100-0.5-16-True.cnf
750	:	1743673751.416	     0.090	0	4579	10	0	./kissat-sc2024/bin/kissat data/81023-5-100-0.5-17-True.cnf
458	:	1743673704.093	    47.771	0	19783	20	0	./cadical/cadical data/71681-5-100-0.8-15-True.cnf
597	:	1743673719.333	    32.572	0	16	20	0	./kissat-sc2024/bin/kissat data/18735-5-100-0.5-14-True.cnf
747	:	1743673750.829	     1.321	0	4421	10	0	./kissat-sc2024/bin/kissat data/81023-5-100-0.5-14-True.cnf
737	:	1743673750.002	     2.383	0	3743	10	0	./kissat-sc2024/bin/kissat data/81023-5-100-0.7-14-True.cnf
577	:	1743673715.699	    37.151	0	16	20	0	./kissat-sc2024/bin/kissat data/18735-5-100-0.9-14-True.cnf
726	:	1743673747.817	     5.978	0	16	20	0	./kissat-sc2024/bin/kissat data/81023-5-100-0.9-13-True.cnf
721	:	1743673747.287	     7.491	0	16	20	0	./kissat-sc2024/bin/kissat data/71681-5-100-0.5-13-True.cnf
98	:	1743673695.138	    60.558	0	72083638	0	0	./albatross/albatross data/18735-5-100-0.5-15-False.cnf
711	:	1743673746.038	     9.955	0	3847	10	0	./kissat-sc2024/bin/kissat data/71681-5-100-0.7-13-True.cnf
447	:	1743673702.860	    53.184	0	18657	20	0	./cadical/cadical data/78144-5-100-0.5-14-True.cnf
686	:	1743673740.667	    15.569	0	16	20	0	./kissat-sc2024/bin/kissat data/78144-5-100-0.7-13-True.cnf
627	:	1743673726.088	    30.340	0	16	20	0	./kissat-sc2024/bin/kissat data/43018-5-100-0.9-14-True.cnf
282	:	1743673695.873	    61.300	0	20444	20	0	./cadical/cadical data/22710-5-100-0.8-14-True.cnf
562	:	1743673713.308	    43.974	0	16	20	0	./kissat-sc2024/bin/kissat data/42462-5-100-0.7-14-True.cnf
542	:	1743673709.692	    48.313	0	16	20	0	./kissat-sc2024/bin/kissat data/22710-5-100-0.6-14-True.cnf
477	:	1743673705.569	    52.697	0	20159	20	0	./cadical/cadical data/81023-5-100-0.9-14-True.cnf
322	:	1743673696.066	    62.900	0	19948	20	0	./cadical/cadical data/42462-5-100-0.5-14-True.cnf
696	:	1743673742.817	    16.267	0	16	20	0	./kissat-sc2024/bin/kissat data/78144-5-100-0.5-13-True.cnf
746	:	1743673750.803	     9.921	0	16	20	0	./kissat-sc2024/bin/kissat data/81023-5-100-0.5-13-True.cnf
736	:	1743673749.933	    11.531	0	16	20	0	./kissat-sc2024/bin/kissat data/81023-5-100-0.7-13-True.cnf
652	:	1743673731.404	    30.256	0	16	20	0	./kissat-sc2024/bin/kissat data/65828-5-100-0.9-14-True.cnf
537	:	1743673709.406	    52.786	0	16	20	0	./kissat-sc2024/bin/kissat data/22710-5-100-0.7-14-True.cnf
572	:	1743673714.983	    47.730	0	16	20	0	./kissat-sc2024/bin/kissat data/42462-5-100-0.5-14-True.cnf
199	:	1743673695.487	    68.006	0	73357879	0	0	./albatross/albatross data/78144-5-100-0.5-16-False.cnf
741	:	1743673750.411	    13.585	0	16	20	0	./kissat-sc2024/bin/kissat data/81023-5-100-0.6-13-True.cnf
200	:	1743673695.491	    69.618	0	58863908	0	0	./albatross/albatross data/78144-5-100-0.5-17-False.cnf
708	:	1743673745.439	    19.695	0	16	20	0	./kissat-sc2024/bin/kissat data/71681-5-100-0.8-15-True.cnf
362	:	1743673696.983	    68.154	0	20383	20	0	./cadical/cadical data/50408-5-100-0.7-14-True.cnf
701	:	1743673743.424	    22.296	0	16	20	0	./kissat-sc2024/bin/kissat data/71681-5-100-0.9-13-True.cnf
99	:	1743673695.141	    70.697	0	81859416	0	0	./albatross/albatross data/18735-5-100-0.5-16-False.cnf
125	:	1743673695.220	    71.447	0	81647547	0	0	./albatross/albatross data/50408-5-100-0.5-17-False.cnf
612	:	1743673722.872	    44.500	0	16	20	0	./kissat-sc2024/bin/kissat data/50408-5-100-0.7-14-True.cnf
427	:	1743673700.634	    69.395	0	20348	20	0	./cadical/cadical data/78144-5-100-0.9-14-True.cnf
682	:	1743673739.590	    30.980	0	16	20	0	./kissat-sc2024/bin/kissat data/78144-5-100-0.8-14-True.cnf
731	:	1743673748.921	    22.946	0	16	20	0	./kissat-sc2024/bin/kissat data/81023-5-100-0.8-13-True.cnf
657	:	1743673732.269	    39.776	0	16	20	0	./kissat-sc2024/bin/kissat data/65828-5-100-0.8-14-True.cnf
662	:	1743673733.244	    39.378	0	16	20	0	./kissat-sc2024/bin/kissat data/65828-5-100-0.7-14-True.cnf
417	:	1743673699.302	    80.178	0	21620	20	0	./cadical/cadical data/65828-5-100-0.6-14-True.cnf
307	:	1743673695.992	    84.454	0	22432	20	0	./cadical/cadical data/42462-5-100-0.8-14-True.cnf
727	:	1743673747.921	    33.174	0	16	20	0	./kissat-sc2024/bin/kissat data/81023-5-100-0.9-14-True.cnf
557	:	1743673711.808	    70.484	0	16	20	0	./kissat-sc2024/bin/kissat data/42462-5-100-0.8-14-True.cnf
75	:	1743673695.068	    87.787	0	97312392	0	0	./albatross/albatross data/42462-5-100-0.5-17-False.cnf
677	:	1743673738.152	    47.111	0	16	20	0	./kissat-sc2024/bin/kissat data/78144-5-100-0.9-14-True.cnf
552	:	1743673710.936	    74.523	0	16	20	0	./kissat-sc2024/bin/kissat data/42462-5-100-0.9-14-True.cnf
492	:	1743673706.785	    84.653	0	23714	20	0	./cadical/cadical data/81023-5-100-0.6-14-True.cnf
252	:	1743673695.730	    99.364	0	22939	20	0	./cadical/cadical data/53188-5-100-0.9-14-True.cnf
352	:	1743673696.619	    98.861	0	25059	20	0	./cadical/cadical data/50408-5-100-0.9-14-True.cnf
527	:	1743673709.082	    87.111	0	16	20	0	./kissat-sc2024/bin/kissat data/22710-5-100-0.9-14-True.cnf
667	:	1743673734.365	    64.450	0	16	20	0	./kissat-sc2024/bin/kissat data/65828-5-100-0.6-14-True.cnf
532	:	1743673709.233	    89.894	0	16	20	0	./kissat-sc2024/bin/kissat data/22710-5-100-0.8-14-True.cnf
697	:	1743673742.828	    58.141	0	16	20	0	./kissat-sc2024/bin/kissat data/78144-5-100-0.5-14-True.cnf
277	:	1743673695.846	   106.434	0	23743	20	0	./cadical/cadical data/22710-5-100-0.9-14-True.cnf
382	:	1743673697.478	   110.325	0	24451	20	0	./cadical/cadical data/43018-5-100-0.8-14-True.cnf
702	:	1743673743.511	    64.669	0	16	20	0	./kissat-sc2024/bin/kissat data/71681-5-100-0.9-14-True.cnf
742	:	1743673750.428	    58.966	0	16	20	0	./kissat-sc2024/bin/kissat data/81023-5-100-0.6-14-True.cnf
302	:	1743673695.969	   115.734	0	25271	20	0	./cadical/cadical data/42462-5-100-0.9-14-True.cnf
632	:	1743673727.797	    85.817	0	16	20	0	./kissat-sc2024/bin/kissat data/43018-5-100-0.8-14-True.cnf
687	:	1743673741.203	    76.210	0	16	20	0	./kissat-sc2024/bin/kissat data/78144-5-100-0.7-14-True.cnf
602	:	1743673720.411	    97.201	0	16	20	0	./kissat-sc2024/bin/kissat data/50408-5-100-0.9-14-True.cnf
628	:	1743673726.136	    99.448	0	16	20	0	./kissat-sc2024/bin/kissat data/43018-5-100-0.9-15-True.cnf
437	:	1743673701.761	   129.518	0	26482	20	0	./cadical/cadical data/78144-5-100-0.7-14-True.cnf
583	:	1743673716.421	   116.236	0	16	20	0	./kissat-sc2024/bin/kissat data/18735-5-100-0.8-15-True.cnf
357	:	1743673696.731	   139.973	0	26838	20	0	./cadical/cadical data/50408-5-100-0.8-14-True.cnf
732	:	1743673749.023	    96.917	0	16	20	0	./kissat-sc2024/bin/kissat data/81023-5-100-0.8-14-True.cnf
50	:	1743673694.997	   152.128	0	126644659	0	0	./albatross/albatross data/22710-5-100-0.5-17-False.cnf
653	:	1743673731.414	   117.157	0	16	20	0	./kissat-sc2024/bin/kissat data/65828-5-100-0.9-15-True.cnf
378	:	1743673697.433	   152.944	0	27823	20	0	./cadical/cadical data/43018-5-100-0.9-15-True.cnf
175	:	1743673695.391	   156.435	0	144886629	0	0	./albatross/albatross data/65828-5-100-0.5-17-False.cnf
607	:	1743673722.340	   130.209	0	16	20	0	./kissat-sc2024/bin/kissat data/50408-5-100-0.8-14-True.cnf
482	:	1743673705.801	   148.102	0	29671	20	0	./cadical/cadical data/81023-5-100-0.8-14-True.cnf
578	:	1743673715.719	   158.883	0	16	20	0	./kissat-sc2024/bin/kissat data/18735-5-100-0.9-15-True.cnf
452	:	1743673703.857	   171.910	0	29334	20	0	./cadical/cadical data/71681-5-100-0.9-14-True.cnf
503	:	1743673707.320	   168.930	0	16	20	0	./kissat-sc2024/bin/kissat data/53188-5-100-0.9-15-True.cnf
478	:	1743673705.656	   172.285	0	29784	20	0	./cadical/cadical data/81023-5-100-0.9-15-True.cnf
333	:	1743673696.138	   189.546	0	30093	20	0	./cadical/cadical data/18735-5-100-0.8-15-True.cnf
408	:	1743673698.874	   194.987	0	32164	20	0	./cadical/cadical data/65828-5-100-0.8-15-True.cnf
658	:	1743673732.806	   165.510	0	16	20	0	./kissat-sc2024/bin/kissat data/65828-5-100-0.8-15-True.cnf
613	:	1743673723.241	   179.617	0	16	20	0	./kissat-sc2024/bin/kissat data/50408-5-100-0.7-15-True.cnf
543	:	1743673709.875	   196.585	0	16	20	0	./kissat-sc2024/bin/kissat data/22710-5-100-0.6-15-True.cnf
728	:	1743673748.465	   162.297	0	16	20	0	./kissat-sc2024/bin/kissat data/81023-5-100-0.9-15-True.cnf
403	:	1743673698.516	   216.664	0	30464	20	0	./cadical/cadical data/65828-5-100-0.9-15-True.cnf
678	:	1743673738.182	   181.725	0	16	20	0	./kissat-sc2024/bin/kissat data/78144-5-100-0.9-15-True.cnf
428	:	1743673700.726	   229.316	0	31008	20	0	./cadical/cadical data/78144-5-100-0.9-15-True.cnf
293	:	1743673695.923	   242.546	0	31715	20	0	./cadical/cadical data/22710-5-100-0.6-15-True.cnf
668	:	1743673734.803	   218.361	0	16	20	0	./kissat-sc2024/bin/kissat data/65828-5-100-0.6-15-True.cnf
553	:	1743673711.144	   251.243	0	16	20	0	./kissat-sc2024/bin/kissat data/42462-5-100-0.9-15-True.cnf
328	:	1743673696.098	   270.101	0	33549	20	0	./cadical/cadical data/18735-5-100-0.9-15-True.cnf
448	:	1743673703.128	   267.527	0	32964	20	0	./cadical/cadical data/78144-5-100-0.5-15-True.cnf
363	:	1743673697.081	   275.085	0	32468	20	0	./cadical/cadical data/50408-5-100-0.7-15-True.cnf
253	:	1743673695.735	   297.034	0	34926	20	0	./cadical/cadical data/53188-5-100-0.9-15-True.cnf
698	:	1743673742.836	   259.322	0	16	20	0	./kissat-sc2024/bin/kissat data/78144-5-100-0.5-15-True.cnf
418	:	1743673699.474	   316.500	0	33754	20	0	./cadical/cadical data/65828-5-100-0.6-15-True.cnf
703	:	1743673743.541	   300.772	0	16	20	0	./kissat-sc2024/bin/kissat data/71681-5-100-0.9-15-True.cnf
629	:	1743673726.342	   321.595	0	16	20	0	./kissat-sc2024/bin/kissat data/43018-5-100-0.9-16-True.cnf
603	:	1743673720.446	   384.723	0	16	20	0	./kissat-sc2024/bin/kissat data/50408-5-100-0.9-15-True.cnf
528	:	1743673709.092	   401.374	0	16	20	0	./kissat-sc2024/bin/kissat data/22710-5-100-0.9-15-True.cnf
278	:	1743673695.852	   440.671	0	38205	20	0	./cadical/cadical data/22710-5-100-0.9-15-True.cnf
303	:	1743673695.973	   526.873	0	45016	20	0	./cadical/cadical data/42462-5-100-0.9-15-True.cnf
584	:	1743673717.519	   528.483	0	16	20	0	./kissat-sc2024/bin/kissat data/18735-5-100-0.8-16-True.cnf
353	:	1743673696.634	   566.727	0	44233	20	0	./cadical/cadical data/50408-5-100-0.9-15-True.cnf
379	:	1743673697.441	   584.842	0	45070	20	0	./cadical/cadical data/43018-5-100-0.9-16-True.cnf
579	:	1743673715.729	   726.388	0	16	20	0	./kissat-sc2024/bin/kissat data/18735-5-100-0.9-16-True.cnf
729	:	1743673748.682	   750.358	0	16	20	0	./kissat-sc2024/bin/kissat data/81023-5-100-0.9-16-True.cnf
453	:	1743673703.868	   900.374	0	52671	20	0	./cadical/cadical data/71681-5-100-0.9-15-True.cnf
479	:	1743673705.672	   921.879	0	52560	20	0	./cadical/cadical data/81023-5-100-0.9-16-True.cnf
334	:	1743673696.151	   933.938	0	52808	20	0	./cadical/cadical data/18735-5-100-0.8-16-True.cnf
504	:	1743673707.340	   946.788	0	16	20	0	./kissat-sc2024/bin/kissat data/53188-5-100-0.9-16-True.cnf
429	:	1743673700.901	   986.059	0	52777	20	0	./cadical/cadical data/78144-5-100-0.9-16-True.cnf
679	:	1743673738.647	  1121.703	0	16	20	0	./kissat-sc2024/bin/kissat data/78144-5-100-0.9-16-True.cnf
554	:	1743673711.233	  1311.790	0	16	20	0	./kissat-sc2024/bin/kissat data/42462-5-100-0.9-16-True.cnf
254	:	1743673695.740	  1482.690	0	61505	20	0	./cadical/cadical data/53188-5-100-0.9-16-True.cnf
329	:	1743673696.104	  1780.508	0	65040	20	0	./cadical/cadical data/18735-5-100-0.9-16-True.cnf
529	:	1743673709.117	  1795.794	0	16	20	0	./kissat-sc2024/bin/kissat data/22710-5-100-0.9-16-True.cnf
630	:	1743673726.486	  2021.842	0	16	20	0	./kissat-sc2024/bin/kissat data/43018-5-100-0.9-17-True.cnf
604	:	1743673721.009	  2253.115	0	16	20	0	./kissat-sc2024/bin/kissat data/50408-5-100-0.9-16-True.cnf
279	:	1743673695.855	  2594.453	0	72183	20	0	./cadical/cadical data/22710-5-100-0.9-16-True.cnf
380	:	1743673697.462	  3220.705	0	84988	20	0	./cadical/cadical data/43018-5-100-0.9-17-True.cnf
304	:	1743673695.977	  3507.513	0	87858	20	0	./cadical/cadical data/42462-5-100-0.9-16-True.cnf
354	:	1743673696.688	  4379.861	0	92288	20	0	./cadical/cadical data/50408-5-100-0.9-16-True.cnf
430	:	1743673701.200	  5325.476	0	93928	20	0	./cadical/cadical data/78144-5-100-0.9-17-True.cnf
505	:	1743673707.371	  6762.648	0	16	20	0	./kissat-sc2024/bin/kissat data/53188-5-100-0.9-17-True.cnf
680	:	1743673739.107	  8129.496	0	16	20	0	./kissat-sc2024/bin/kissat data/78144-5-100-0.9-17-True.cnf
555	:	1743673711.427	 10159.220	0	16	20	0	./kissat-sc2024/bin/kissat data/42462-5-100-0.9-17-True.cnf
255	:	1743673695.744	 12171.031	0	132062	20	0	./cadical/cadical data/53188-5-100-0.9-17-True.cnf
605	:	1743673721.258	 20466.702	0	16	20	0	./kissat-sc2024/bin/kissat data/50408-5-100-0.9-17-True.cnf
305	:	1743673695.982	 24366.742	0	177422	20	0	./cadical/cadical data/42462-5-100-0.9-17-True.cnf
355	:	1743673696.705	 32087.495	0	185654	20	0	./cadical/cadical data/50408-5-100-0.9-17-True.cnf
